<?xml version='1.0' encoding='UTF-8'?>
<testsuites name="xUnit TestFramework" tests="44" failures="0" errors="0" skipped="0" assertions="3112" time="0.226116" timestamp="2024-03-19T11:13:54"><testsuite name="BasicArrayTestSuite" tests="32" failures="0" errors="0" skipped="0" assertions="2163" time="0.09093" timestamp="2024-03-19T11:13:54"><testcase name="array_copy_test" assertions="14" duration="0.026572" /><testcase name="array_create_test" assertions="2006" duration="0.024631" /><testcase name="array_delete_test" assertions="7" duration="0.000159" /><testcase name="array_equals_test" assertions="16" duration="0.034845" /><testcase name="array_length_test" assertions="15" duration="0.000492" /><testcase name="array_pop_test" assertions="3" duration="8.2e-05" /><testcase name="array_push_test" assertions="12" duration="0.000188" /><testcase name="array_resize_test" assertions="2" duration="0.001246" /><testcase name="array_sort_test" assertions="6" duration="0.000235" /><testcase name="array_insert_test" assertions="8" duration="0.000186" /><testcase name="array_all" assertions="4" duration="0.000116" /><testcase name="array_any" assertions="4" duration="0.0001" /><testcase name="array_concat" assertions="3" duration="0.000118" /><testcase name="array_copy_while" assertions="5" duration="0.000169" /><testcase name="array_create_ext" assertions="5" duration="0.000185" /><testcase name="array_filter" assertions="4" duration="0.00012" /><testcase name="array_filter_ext" assertions="3" duration="8.4e-05" /><testcase name="array_find_index" assertions="2" duration="7.9e-05" /><testcase name="array_first" assertions="2" duration="5.3e-05" /><testcase name="array_foreach" assertions="11" duration="0.000172" /><testcase name="array_intersection" assertions="3" duration="0.000147" /><testcase name="array_last" assertions="2" duration="6e-05" /><testcase name="array_map" assertions="2" duration="7.2e-05" /><testcase name="array_map_ext" assertions="2" duration="7e-05" /><testcase name="array_reduce" assertions="1" duration="4.8e-05" /><testcase name="array_reverse" assertions="4" duration="0.000127" /><testcase name="array_reverse_ext" assertions="2" duration="5.9e-05" /><testcase name="array_shuffle" assertions="3" duration="8e-05" /><testcase name="array_shuffle_ext" assertions="2" duration="6.2e-05" /><testcase name="array_union" assertions="3" duration="0.000132" /><testcase name="array_unique" assertions="5" duration="0.000156" /><testcase name="array_unique_ext" assertions="2" duration="8.5e-05" /></testsuite><testsuite name="BasicBufferTestSuite" tests="12" failures="0" errors="0" skipped="0" assertions="949" time="0.135186" timestamp="2024-03-19T11:13:55"><testcase name="base64_test" assertions="14" duration="0.000425" /><testcase name="buffer_general_type_test" assertions="55" duration="0.000716" /><testcase name="buffer_crc32_test" assertions="1" duration="0.000131" /><testcase name="buffer_encoding_test" assertions="787" duration="0.008849" /><testcase name="buffer_position_test" assertions="60" duration="0.001115" /><testcase name="buffer_sizeof_test" assertions="13" duration="0.000163" /><testcase name="buffer_surface_test" assertions="2" duration="0.084174" /><testcase name="buffer_from_vertex_buffer_test" assertions="3" duration="0.000126" /><testcase name="buffer_save_load_test" assertions="11" duration="0.018688" /><testcase name="buffer_save_async_test" assertions="1" duration="0.001161" /><testcase name="buffer_save_async_group_test" assertions="1" duration="0.001606" /><testcase name="buffer_load_async_test" assertions="1" duration="0.018032" /></testsuite></testsuites>