<?xml version='1.0' encoding='UTF-8'?>
<testsuites name="xUnit Tests" tests="1246" failures="22" errors="3" skipped="6" assertions="115684" time="34.35678" timestamp="2024-09-02T10:50:14"><testsuite name="BasicArrayTestSuite:xUnit Tests" tests="152" failures="0" errors="0" skipped="0" assertions="181" time="0.051247" timestamp="2024-09-02T10:50:14"><testcase name="array_copy test #1" assertions="1" time="0.013543" /><testcase name="array_copy test #2" assertions="1" time="1.5e-05" /><testcase name="array_copy test #3" assertions="1" time="3.3e-05" /><testcase name="array_copy test #4" assertions="1" time="2.3e-05" /><testcase name="array_copy test #5" assertions="1" time="2.2e-05" /><testcase name="array_copy test #6" assertions="1" time="2e-05" /><testcase name="array_copy test #7" assertions="1" time="2.6e-05" /><testcase name="array_copy test #8" assertions="1" time="2.7e-05" /><testcase name="array_copy test #9" assertions="1" time="3.1e-05" /><testcase name="array_copy test #10" assertions="1" time="4.2e-05" /><testcase name="array_copy test #11" assertions="1" time="3e-05" /><testcase name="array_copy test #12" assertions="1" time="2.4e-05" /><testcase name="array_copy test #13" assertions="1" time="2.6e-05" /><testcase name="array_copy test #14" assertions="1" time="4.7e-05" /><testcase name="array_copy test #15" assertions="1" time="2.2e-05" /><testcase name="array_create test #1" assertions="1" time="2.1e-05" /><testcase name="array_create test #2" assertions="1" time="3.3e-05" /><testcase name="array_create test #3" assertions="1" time="1.7e-05" /><testcase name="array_create test #4" assertions="1" time="1.8e-05" /><testcase name="array_create test #5" assertions="2" time="4.2e-05" /><testcase name="array_create test #6" assertions="2" time="3e-05" /><testcase name="array_create test #7" assertions="2" time="3.2e-05" /><testcase name="array_create test #8" assertions="2" time="2.3e-05" /><testcase name="array_create test #9" assertions="2" time="3e-05" /><testcase name="array_create test #10" assertions="2" time="3.7e-05" /><testcase name="array_create test #11" assertions="2" time="3.4e-05" /><testcase name="array_create test #12" assertions="1" time="3.4e-05" /><testcase name="array_create test #13" assertions="1" time="2.4e-05" /><testcase name="array_create test #14" assertions="1" time="2.5e-05" /><testcase name="array_create test #15" assertions="2" time="3.2e-05" /><testcase name="array_create test #16" assertions="1" time="2.2e-05" /><testcase name="array_create test #17" assertions="1" time="2.1e-05" /><testcase name="array_create test #18" assertions="1" time="2.1e-05" /><testcase name="array_delete test #1" assertions="1" time="2.2e-05" /><testcase name="array_delete test #2" assertions="1" time="2.6e-05" /><testcase name="array_delete test #3" assertions="1" time="2e-05" /><testcase name="array_delete test #4" assertions="1" time="2.6e-05" /><testcase name="array_delete test #5" assertions="1" time="2.2e-05" /><testcase name="array_delete test #6" assertions="1" time="2.3e-05" /><testcase name="array_delete test #7" assertions="1" time="2.5e-05" /><testcase name="array_equals test #1" assertions="1" time="1.8e-05" /><testcase name="array_equals test #2" assertions="1" time="2.1e-05" /><testcase name="array_equals test #3" assertions="1" time="2e-05" /><testcase name="array_equals test #4" assertions="1" time="1.8e-05" /><testcase name="array_equals test #5" assertions="1" time="0.000281" /><testcase name="array_equals test #6" assertions="1" time="2e-05" /><testcase name="array_equals test #7" assertions="1" time="2e-05" /><testcase name="array_equals test #8" assertions="1" time="2e-05" /><testcase name="array_equals test #9" assertions="1" time="2e-05" /><testcase name="array_equals test #10" assertions="1" time="0.032643" /><testcase name="array_equals test #11" assertions="1" time="1.6e-05" /><testcase name="array_equals test #12" assertions="1" time="2.1e-05" /><testcase name="array_equals test #13" assertions="1" time="2.2e-05" /><testcase name="array_equals test #14" assertions="1" time="1.6e-05" /><testcase name="array_equals test #15" assertions="1" time="1.8e-05" /><testcase name="array_equals test #16" assertions="1" time="6.2e-05" /><testcase name="array_length test #1" assertions="1" time="1.7e-05" /><testcase name="array_length test #2" assertions="1" time="3.9e-05" /><testcase name="array_length test #3" assertions="1" time="1.2e-05" /><testcase name="array_length test #4" assertions="1" time="1.4e-05" /><testcase name="array_length test #5" assertions="1" time="1.2e-05" /><testcase name="array_length test #6" assertions="1" time="0.000147" /><testcase name="array_length test #7" assertions="1" time="0.000209" /><testcase name="array_length test #8" assertions="8" time="5.5e-05" /><testcase name="array_pop test #1" assertions="1" time="1.8e-05" /><testcase name="array_pop test #2" assertions="1" time="1.6e-05" /><testcase name="array_pop test #3" assertions="1" time="1.6e-05" /><testcase name="array_push test #1" assertions="1" time="1.4e-05" /><testcase name="array_push test #2" assertions="1" time="1.3e-05" /><testcase name="array_push test #3" assertions="1" time="1.3e-05" /><testcase name="array_push test #4" assertions="1" time="1.3e-05" /><testcase name="array_push test #5" assertions="1" time="1.2e-05" /><testcase name="array_push test #6" assertions="1" time="1.3e-05" /><testcase name="array_push test #7" assertions="1" time="1.2e-05" /><testcase name="array_push test #8" assertions="1" time="1.1e-05" /><testcase name="array_push test #9" assertions="1" time="1.2e-05" /><testcase name="array_push test #10" assertions="1" time="1.3e-05" /><testcase name="array_push test #11" assertions="1" time="1.6e-05" /><testcase name="array_push test #12" assertions="1" time="1.9e-05" /><testcase name="array_resize test #1" assertions="1" time="2.1e-05" /><testcase name="array_resize test #2" assertions="1" time="0.000752" /><testcase name="array_sort test #1" assertions="1" time="2.4e-05" /><testcase name="array_sort test #2" assertions="1" time="2e-05" /><testcase name="array_sort test #3" assertions="1" time="2.4e-05" /><testcase name="array_sort test #4" assertions="1" time="2e-05" /><testcase name="array_sort test #5" assertions="1" time="5.5e-05" /><testcase name="array_sort test #6" assertions="1" time="6.1e-05" /><testcase name="array_insert test #1" assertions="1" time="2.6e-05" /><testcase name="array_insert test #2" assertions="1" time="3.2e-05" /><testcase name="array_insert test #3" assertions="1" time="2.4e-05" /><testcase name="array_insert test #4" assertions="1" time="2.4e-05" /><testcase name="array_insert test #5" assertions="1" time="1.5e-05" /><testcase name="array_insert test #6" assertions="1" time="2.2e-05" /><testcase name="array_insert test #7" assertions="1" time="4e-05" /><testcase name="array_insert test #8" assertions="1" time="3.7e-05" /><testcase name="array_all test #1" assertions="1" time="2.5e-05" /><testcase name="array_all test #2" assertions="1" time="2.1e-05" /><testcase name="array_all test #3" assertions="1" time="1.6e-05" /><testcase name="array_all test #4" assertions="1" time="2.7e-05" /><testcase name="array_any test #1" assertions="1" time="1.7e-05" /><testcase name="array_any test #2" assertions="1" time="2.8e-05" /><testcase name="array_any test #3" assertions="1" time="1.5e-05" /><testcase name="array_any test #4" assertions="1" time="1.5e-05" /><testcase name="array_concat test #1" assertions="1" time="2.8e-05" /><testcase name="array_concat test #2" assertions="2" time="2.8e-05" /><testcase name="array_copy_while test #1" assertions="1" time="2.4e-05" /><testcase name="array_copy_while test #2" assertions="1" time="1.7e-05" /><testcase name="array_copy_while test #3" assertions="1" time="1.7e-05" /><testcase name="array_copy_while test #4" assertions="1" time="2e-05" /><testcase name="array_copy_while test #5" assertions="1" time="2.4e-05" /><testcase name="array_create_ext test #1" assertions="1" time="2.3e-05" /><testcase name="array_create_ext test #2" assertions="1" time="3.6e-05" /><testcase name="array_create_ext test #3" assertions="1" time="3.5e-05" /><testcase name="array_create_ext test #4" assertions="1" time="2.5e-05" /><testcase name="array_create_ext test #5" assertions="1" time="2.6e-05" /><testcase name="array_filter test #1" assertions="1" time="2.3e-05" /><testcase name="array_filter test #2" assertions="1" time="1.8e-05" /><testcase name="array_filter test #3" assertions="1" time="2.6e-05" /><testcase name="array_filter test #4" assertions="1" time="2.3e-05" /><testcase name="array_filter_ext test #1" assertions="1" time="1.7e-05" /><testcase name="array_filter_ext test #2" assertions="1" time="2.8e-05" /><testcase name="array_filter_ext test #3" assertions="1" time="2.4e-05" /><testcase name="array_find_index test #1" assertions="1" time="1.5e-05" /><testcase name="array_find_index test #2" assertions="1" time="1.8e-05" /><testcase name="array_first #1" assertions="1" time="1.2e-05" /><testcase name="array_first #2" assertions="1" time="1.3e-05" /><testcase name="array_foreach test #1" assertions="11" time="5.9e-05" /><testcase name="array_intersection test #1" assertions="3" time="6e-05" /><testcase name="array_last test #1" assertions="1" time="1.4e-05" /><testcase name="array_last test #2" assertions="1" time="1.3e-05" /><testcase name="array_map test #1" assertions="1" time="3.1e-05" /><testcase name="array_map test #2" assertions="1" time="2.2e-05" /><testcase name="array_map_ext test #1" assertions="1" time="1.7e-05" /><testcase name="array_map_ext test #2" assertions="1" time="0.000172" /><testcase name="array_reduce test #1" assertions="1" time="1.7e-05" /><testcase name="array_reverse test #1" assertions="1" time="1.8e-05" /><testcase name="array_reverse test #2" assertions="1" time="1.6e-05" /><testcase name="array_reverse test #3" assertions="1" time="1.7e-05" /><testcase name="array_reverse test #4" assertions="1" time="2.7e-05" /><testcase name="array_reverse_ext test #1" assertions="1" time="1.2e-05" /><testcase name="array_reverse_ext test #2" assertions="1" time="3.2e-05" /><testcase name="array_shuffle test #1" assertions="1" time="1.4e-05" /><testcase name="array_shuffle test #2" assertions="1" time="1.6e-05" /><testcase name="array_shuffle test #3" assertions="1" time="2e-05" /><testcase name="array_shuffle_ext test #1" assertions="1" time="1.3e-05" /><testcase name="array_shuffle_ext test #2" assertions="1" time="1.4e-05" /><testcase name="array_union test #1" assertions="1" time="4.5e-05" /><testcase name="array_union test #2" assertions="2" time="5.3e-05" /><testcase name="array_unique test #1" assertions="1" time="2.1e-05" /><testcase name="array_unique test #2" assertions="1" time="2.4e-05" /><testcase name="array_unique_ext test #1" assertions="1" time="2.9e-05" /><testcase name="array_unique_ext test #2" assertions="1" time="4.7e-05" /></testsuite><testsuite name="BasicAudioTestSuite:xUnit Tests" tests="40" failures="0" errors="0" skipped="0" assertions="196" time="1.737475" timestamp="2024-09-02T10:50:16"><testcase name="Audio initialized test #1" assertions="1" time="2.7e-05" /><testcase name="Audio initialized #2" assertions="1" time="1.6e-05" /><testcase name="Audio basics test #1" assertions="6" time="5.6e-05" /><testcase name="Audio basics test #2" assertions="6" time="4.4e-05" /><testcase name="Audio basics test #3" assertions="6" time="5.5e-05" /><testcase name="Audio basics test #4" assertions="6" time="3.4e-05" /><testcase name="Audio basics test #5" assertions="6" time="2.9e-05" /><testcase name="Audio basics test #6" assertions="6" time="8.8e-05" /><testcase name="Audio basics test #7" assertions="6" time="3.1e-05" /><testcase name="Audio basics test #8" assertions="6" time="3.2e-05" /><testcase name="Audio basics test #9" assertions="6" time="3.4e-05" /><testcase name="Audio basics test #10" assertions="6" time="3.3e-05" /><testcase name="Audio basics test #11" assertions="6" time="3.3e-05" /><testcase name="Audio basics test #12" assertions="6" time="3.3e-05" /><testcase name="Audio basics test #13" assertions="6" time="4.6e-05" /><testcase name="Audio basics test #14" assertions="6" time="6.9e-05" /><testcase name="Master gain test #1" assertions="1" time="2.8e-05" /><testcase name="Master gain test #2" assertions="1" time="2.2e-05" /><testcase name="Single audio playback functions test #1" assertions="6" time="3.7e-05" /><testcase name="Single audio playback functions test #2" assertions="6" time="4.5e-05" /><testcase name="Single audio playback functions test #3" assertions="6" time="7.9e-05" /><testcase name="Single audio playback functions test #4" assertions="6" time="7.9e-05" /><testcase name="Single audio playback functions test #5" assertions="6" time="7.6e-05" /><testcase name="Single audio playback functions test #6" assertions="6" time="6.7e-05" /><testcase name="Single audio playback functions test #7" assertions="6" time="6.6e-05" /><testcase name="Single audio playback functions test #8" assertions="6" time="7.8e-05" /><testcase name="Single audio playback functions test #9" assertions="6" time="6.6e-05" /><testcase name="Audio_play_sound_ext test #1" assertions="6" time="8e-05" /><testcase name="Audio_play_sound_ext test #2" assertions="6" time="0.000105" /><testcase name="Audio_play_sound_ext test #3" assertions="6" time="8.2e-05" /><testcase name="streamed sound test #1" assertions="1" time="0.001039" /><testcase name="streamed sound test #2" assertions="1" time="0.000612" /><testcase name="Multiple audio playback functions test #1" assertions="6" time="5.3e-05" /><testcase name="Multiple audio playback functions test #2" assertions="6" time="6.6e-05" /><testcase name="Multiple audio playback functions test #3" assertions="6" time="6.4e-05" /><testcase name="Multiple audio playback functions test #4" assertions="6" time="4.5e-05" /><testcase name="Multiple audio playback functions test #5" assertions="6" time="5.9e-05" /><testcase name="Audio gain over time test #1" assertions="1" time="0.600873" /><testcase name="Audio track position over time test #1" assertions="2" time="0.266574" /><testcase name="Async end-of-playback functionality test #1" assertions="1" time="0.86652" /></testsuite><testsuite name="BasicBase64TestSuite:xUnit Tests" tests="14" failures="0" errors="0" skipped="0" assertions="14" time="0.000421" timestamp="2024-09-02T10:50:19"><testcase name="base64_encode_test #1" assertions="1" time="3e-05" /><testcase name="base64_encode_test #2" assertions="1" time="2.9e-05" /><testcase name="base64_encode_test #3" assertions="1" time="1.2e-05" /><testcase name="base64_encode_test #4" assertions="1" time="1.9e-05" /><testcase name="base64_encode_test #5" assertions="1" time="2.1e-05" /><testcase name="base64_encode_test #6" assertions="1" time="1.3e-05" /><testcase name="base64_encode_test #7" assertions="1" time="1.2e-05" /><testcase name="base64_encode_test #8" assertions="1" time="1.8e-05" /><testcase name="base64_decode_test #1" assertions="1" time="7.8e-05" /><testcase name="base64_decode_test #2" assertions="1" time="2.3e-05" /><testcase name="base64_decode_test #3" assertions="1" time="1.8e-05" /><testcase name="base64_decode_test #4" assertions="1" time="5.2e-05" /><testcase name="base64_decode_test #5" assertions="1" time="2.3e-05" /><testcase name="base64_decode_test #6" assertions="1" time="7.3e-05" /></testsuite><testsuite name="BasicBufferTestSuite:xUnit Tests" tests="41" failures="0" errors="0" skipped="0" assertions="174" time="0.071159" timestamp="2024-09-02T10:50:19"><testcase name="buffer_exists_test" assertions="5" time="9.4e-05" /><testcase name="buffer_get_type_test" assertions="5" time="3.9e-05" /><testcase name="buffer_get_alignment_test" assertions="5" time="4.3e-05" /><testcase name="buffer_get_size_test" assertions="5" time="4.5e-05" /><testcase name="buffer_get_address_test" assertions="5" time="5.7e-05" /><testcase name="buffer_tell_test" assertions="5" time="4.7e-05" /><testcase name="buffer_seek_test #1" assertions="5" time="0.000104" /><testcase name="buffer_seek_test #2" assertions="5" time="5e-05" /><testcase name="buffer_seek_test #3" assertions="5" time="5e-05" /><testcase name="buffer_resize_test" assertions="5" time="4.6e-05" /><testcase name="buffer_delete_test" assertions="5" time="4.1e-05" /><testcase name="buffer_fill_test #1" assertions="3" time="2.7e-05" /><testcase name="buffer_fill_test #2" assertions="3" time="2.5e-05" /><testcase name="buffer_crc32_test" assertions="1" time="9.5e-05" /><testcase name="buffer_md5_test" assertions="2" time="4.9e-05" /><testcase name="buffer_sha1_test" assertions="2" time="3.3e-05" /><testcase name="buffer_base64_encode_test" assertions="2" time="4.5e-05" /><testcase name="buffer_base64_decode_test" assertions="6" time="7.9e-05" /><testcase name="buffer_base64_decode_ext_test" assertions="2" time="6.5e-05" /><testcase name="buffer_compress_test" assertions="2" time="0.000132" /><testcase name="buffer_decompress_test" assertions="4" time="9.2e-05" /><testcase name="buffer_poke_test" assertions="12" time="0.000103" /><testcase name="buffer_write_test #1" assertions="12" time="9.3e-05" /><testcase name="buffer_write_test #2" assertions="12" time="0.000109" /><testcase name="buffer_read_test #1" assertions="12" time="0.000118" /><testcase name="buffer_read_test #2" assertions="12" time="0.000139" /><testcase name="buffer_sizeof_test" assertions="12" time="0.000105" /><testcase name="buffer_get_surface_test" assertions="1" time="0.006061" /><testcase name="buffer_set_surface_test" assertions="1" time="0.035893" /><testcase name="buffer_create_from_vertex_buffer_test" assertions="1" time="3.2e-05" /><testcase name="buffer_create_from_vertex_buffer_ext_test" assertions="1" time="5.9e-05" /><testcase name="buffer_copy_from_vertex_buffer_test" assertions="1" time="3.2e-05" /><testcase name="buffer_save_test" assertions="1" time="0.00643" /><testcase name="buffer_save_ext_test" assertions="1" time="0.006439" /><testcase name="buffer_load_test #1" assertions="3" time="0.00201" /><testcase name="buffer_load_test #2" assertions="3" time="0.001964" /><testcase name="buffer_load_ext_test" assertions="2" time="0.002092" /><testcase name="buffer_load_partial_test" assertions="2" time="0.002397" /><testcase name="buffer_save_async_test" assertions="1" time="0.000925" /><testcase name="buffer_save_async_group_test" assertions="1" time="0.002341" /><testcase name="buffer_load_async_test" assertions="1" time="0.002559" /></testsuite><testsuite name="BasicDataStructuresGridTestSuite:xUnit Tests" tests="33" failures="0" errors="0" skipped="0" assertions="84" time="0.001439" timestamp="2024-09-02T10:50:20"><testcase name="ds_grid_create_test #1" assertions="1" time="6e-05" /><testcase name="ds_grid_width_test #1" assertions="1" time="2e-05" /><testcase name="ds_grid_height_test #1" assertions="1" time="2.1e-05" /><testcase name="ds_grid_resize_test #1" assertions="2" time="4.7e-05" /><testcase name="ds_grid_sort_test #1" assertions="6" time="6.4e-05" /><testcase name="ds_grid_copy_test #1" assertions="1" time="0.000182" /><testcase name="ds_grid_shuffle_test #1" assertions="1" time="0.000275" /><testcase name="ds_grid_set_test #1" assertions="1" time="2.1e-05" /><testcase name="ds_grid_add_test #1" assertions="1" time="4.1e-05" /><testcase name="ds_grid_multiply_test #1" assertions="1" time="1.6e-05" /><testcase name="ds_grid_region test #1" assertions="16" time="7.8e-05" /><testcase name="ds_grid_region test #2" assertions="16" time="7.6e-05" /><testcase name="ds_grid_region test #3" assertions="16" time="7.5e-05" /><testcase name="ds_grid_region test #4" assertions="1" time="1.8e-05" /><testcase name="ds_grid_region test #5" assertions="1" time="1.7e-05" /><testcase name="ds_grid_region test #6" assertions="1" time="2.1e-05" /><testcase name="ds_grid_sum_test #1" assertions="1" time="1.8e-05" /><testcase name="ds_grid_max_test #1" assertions="1" time="1.7e-05" /><testcase name="ds_grid_min_test #1" assertions="1" time="1.9e-05" /><testcase name="ds_grid_mean_test #1" assertions="1" time="1.6e-05" /><testcase name="ds_grid_disk_test #1" assertions="1" time="2.4e-05" /><testcase name="ds_grid_disk_test #2" assertions="1" time="1.8e-05" /><testcase name="ds_grid_disk_test #3" assertions="1" time="1.9e-05" /><testcase name="ds_grid_disk_test #4" assertions="1" time="1.7e-05" /><testcase name="ds_grid_disk_test #5" assertions="1" time="2.5e-05" /><testcase name="ds_grid_disk_test #6" assertions="1" time="1.6e-05" /><testcase name="ds_grid_disk_test #7" assertions="1" time="1.7e-05" /><testcase name="ds_grid_value_check_test #1" assertions="1" time="1.7e-05" /><testcase name="ds_grid_value_check_test #2" assertions="1" time="1.7e-05" /><testcase name="ds_grid_value_check_test #3" assertions="1" time="1.8e-05" /><testcase name="ds_grid_read_write_test #1" assertions="1" time="5.2e-05" /><testcase name="ds_grid_read_write_test #2" assertions="1" time="2.6e-05" /><testcase name="ds_grid_read_write_test #3" assertions="1" time="7.1e-05" /></testsuite><testsuite name="BasicDataStructuresListTestSuite:xUnit Tests" tests="16" failures="0" errors="0" skipped="0" assertions="25" time="0.00042" timestamp="2024-09-02T10:50:20"><testcase name="ds_list_create_test" assertions="1" time="4e-05" /><testcase name="ds_list_add test #1" assertions="2" time="3.2e-05" /><testcase name="ds_list_set test #1" assertions="1" time="1.5e-05" /><testcase name="ds_list_insert test #1" assertions="2" time="3.8e-05" /><testcase name="ds_list_delete test #1" assertions="2" time="2.4e-05" /><testcase name="ds_list_copy_test #1" assertions="2" time="2.6e-05" /><testcase name="ds_list_sort test #1" assertions="1" time="2.4e-05" /><testcase name="ds_list_sort test #2" assertions="1" time="2.3e-05" /><testcase name="ds_list_mark test #1" assertions="3" time="2.2e-05" /><testcase name="ds_list_mark test #2" assertions="2" time="3.3e-05" /><testcase name="ds_list_read_write_clear_test" assertions="3" time="4.4e-05" /><testcase name="ds_list_find_test #1" assertions="1" time="1.9e-05" /><testcase name="ds_list_find_test #2" assertions="1" time="1.8e-05" /><testcase name="ds_list_find_test #3" assertions="1" time="1.8e-05" /><testcase name="ds_list_find_test #4" assertions="1" time="2.1e-05" /><testcase name="ds_list_find_test #5" assertions="1" time="2.3e-05" /></testsuite><testsuite name="BasicDataStructuresMapTestSuite:xUnit Tests" tests="17" failures="1" errors="0" skipped="0" assertions="31" time="0.009896" timestamp="2024-09-02T10:50:21"><testcase name="ds_map_create_test #1" assertions="1" time="1.8e-05" /><testcase name="ds_map_add_find_test #1" assertions="1" time="2.3e-05" /><testcase name="ds_map_add_find_test #2" assertions="2" time="6.4e-05" /><testcase name="ds_map_add_find_test #3" assertions="2" time="2e-05" /><testcase name="ds_map_add_find_test #1" assertions="1" time="4.5e-05" /><testcase name="ds_map_add_find_test #2" assertions="1" time="2.2e-05" /><testcase name="ds_map_delete test #1" assertions="1" time="1.9e-05" /><testcase name="ds_map_read_write_test #1" assertions="1" time="0.000103"><failure type="AssertionError">{
    "stack": "gml_Script_anon@3684@BasicDataStructuresMapTestSuite@BasicDataStructuresMapTestSuite:156",
    "title": "Asserted two ds_maps to be equal to each other",
    "expected": "\"{\\\"Map\\\":{}}\"",
    "description": "ds_map_copy(), failed to correctly copy map",
    "actual": "\"{\\\"Map\\\":{}}\""
}</failure></testcase><testcase name="ds_map_read_write_test #1" assertions="1" time="1.4e-05" /><testcase name="ds_map_read_write_test #2" assertions="1" time="1.9e-05" /><testcase name="ds_map_read_write_test #1" assertions="1" time="7.7e-05" /><testcase name="ds_map_replace_test #1" assertions="2" time="2.6e-05" /><testcase name="ds_map_replace_test #2" assertions="2" time="2.9e-05" /><testcase name="ds_map_secure_save_load_test #1" assertions="3" time="0.009272" /><testcase name="ds_map_secure_save_load_test #2" assertions="3" time="7.4e-05" /><testcase name="ds_map_array_reference_keys_test" assertions="4" time="3.2e-05" /><testcase name="ds_map_struct_reference_keys_test" assertions="4" time="3.9e-05" /></testsuite><testsuite name="BasicDataStructuresPriorityTestSuite:xUnit Tests" tests="14" failures="0" errors="0" skipped="0" assertions="23" time="0.000245" timestamp="2024-09-02T10:50:21"><testcase name="ds_priority_create_test #1" assertions="1" time="3.6e-05" /><testcase name="ds_priority_add_test #1" assertions="1" time="1.3e-05" /><testcase name="ds_priority_find_test #1" assertions="1" time="1.5e-05" /><testcase name="ds_priority_find_test #2" assertions="1" time="1.4e-05" /><testcase name="ds_priority_find_test #3" assertions="1" time="1.2e-05" /><testcase name="ds_priority_add_find_delete_test #1" assertions="2" time="1.9e-05" /><testcase name="ds_priority_add_find_delete_test #2" assertions="2" time="1.6e-05" /><testcase name="ds_priority_add_find_delete_test #3" assertions="1" time="1.5e-05" /><testcase name="ds_priority_change_test #1" assertions="3" time="1.9e-05" /><testcase name="ds_priority_copy_test #1" assertions="4" time="2.1e-05" /><testcase name="ds_priority_empty_test #1" assertions="1" time="1.3e-05" /><testcase name="ds_priority_empty_test #2" assertions="1" time="1.5e-05" /><testcase name="ds_priority_clear_test #1" assertions="1" time="1.4e-05" /><testcase name="ds_priority_read_write_test #1" assertions="3" time="2.3e-05" /></testsuite><testsuite name="BasicDataStructuresQueueTestSuite:xUnit Tests" tests="9" failures="0" errors="0" skipped="0" assertions="12" time="0.000204" timestamp="2024-09-02T10:50:21"><testcase name="ds_queue_create_test #1" assertions="1" time="3.6e-05" /><testcase name="ds_queue_enqueue_test #1" assertions="1" time="3.2e-05" /><testcase name="ds_queue_dequeue_test #1" assertions="2" time="1.7e-05" /><testcase name="ds_queue_dequeue_test #2" assertions="1" time="1.2e-05" /><testcase name="ds_queue_dequeue_test #3" assertions="1" time="1.3e-05" /><testcase name="ds_queue_head_tail_test #1" assertions="1" time="1.4e-05" /><testcase name="ds_queue_head_tail_test #1" assertions="1" time="1.6e-05" /><testcase name="ds_queue_copy_test #1" assertions="1" time="2.4e-05" /><testcase name="ds_queue_read_write_test #1" assertions="3" time="4e-05" /></testsuite><testsuite name="BasicDataStructuresStackTestSuite:xUnit Tests" tests="9" failures="0" errors="0" skipped="0" assertions="17" time="0.000189" timestamp="2024-09-02T10:50:21"><testcase name="ds_stack_create_test #1" assertions="1" time="2.1e-05" /><testcase name="ds_stack_push_test #1" assertions="0" time="1.4e-05" /><testcase name="ds_stack_pop_test #1" assertions="1" time="1.7e-05" /><testcase name="ds_stack_pop_test #2" assertions="1" time="1.3e-05" /><testcase name="ds_stack_top_test #1" assertions="1" time="1.3e-05" /><testcase name="ds_stack_copy_test #1" assertions="1" time="3.3e-05" /><testcase name="ds_stack_read_write test #1" assertions="1" time="1.9e-05" /><testcase name="ds_stack_read_write test #2" assertions="5" time="3.2e-05" /><testcase name="ds_stack_read_write test #3" assertions="6" time="2.7e-05" /></testsuite><testsuite name="BasicDataTypesTestSuite:xUnit Tests" tests="122" failures="0" errors="0" skipped="0" assertions="445" time="0.007323" timestamp="2024-09-02T10:50:22"><testcase name="bool_test #1" assertions="2" time="2.4e-05" /><testcase name="bool_test #2" assertions="2" time="2.6e-05" /><testcase name="bool_test #3" assertions="2" time="1.7e-05" /><testcase name="bool_test #4" assertions="2" time="1.8e-05" /><testcase name="bool_test #5" assertions="2" time="1.7e-05" /><testcase name="bool_test #6" assertions="2" time="3.1e-05" /><testcase name="bool_test #7" assertions="2" time="2.4e-05" /><testcase name="bool_test #8" assertions="2" time="1.9e-05" /><testcase name="bool_test #9" assertions="2" time="2e-05" /><testcase name="bool_test #10" assertions="2" time="2.4e-05" /><testcase name="bool_test #11" assertions="2" time="1.8e-05" /><testcase name="bool_test #12" assertions="2" time="1.7e-05" /><testcase name="bool_test #13" assertions="2" time="1.8e-05" /><testcase name="bool_test #14" assertions="2" time="1.9e-05" /><testcase name="bool_test #15" assertions="2" time="1.8e-05" /><testcase name="bool_test #16" assertions="2" time="1.9e-05" /><testcase name="bool_test #17" assertions="2" time="1.6e-05" /><testcase name="bool_test #18" assertions="2" time="2.2e-05" /><testcase name="bool_test #19" assertions="2" time="3.2e-05" /><testcase name="bool_test #20" assertions="1" time="0.000507" /><testcase name="bool_test #21" assertions="1" time="0.00018" /><testcase name="bool_test #22" assertions="1" time="0.000192" /><testcase name="bool_test #23" assertions="1" time="0.000185" /><testcase name="int64_test #1" assertions="2" time="2.1e-05" /><testcase name="int64_test #2" assertions="2" time="1.8e-05" /><testcase name="int64_test #3" assertions="2" time="2e-05" /><testcase name="int64_test #4" assertions="2" time="2.9e-05" /><testcase name="int64_test #5" assertions="2" time="2.1e-05" /><testcase name="int64_test #6" assertions="2" time="1.7e-05" /><testcase name="int64_test #7" assertions="2" time="1.8e-05" /><testcase name="int64_test #8" assertions="2" time="2.6e-05" /><testcase name="int64_test #9" assertions="2" time="5.4e-05" /><testcase name="int64_test #10" assertions="2" time="3e-05" /><testcase name="int64_test #11" assertions="2" time="3.1e-05" /><testcase name="int64_test #12" assertions="2" time="1.8e-05" /><testcase name="int64_test #13" assertions="2" time="2.9e-05" /><testcase name="int64_test #14" assertions="2" time="1.7e-05" /><testcase name="int64_test #15" assertions="2" time="2.5e-05" /><testcase name="int64_test #16" assertions="2" time="4.7e-05" /><testcase name="int64_test #17" assertions="2" time="2e-05" /><testcase name="int64_test #18" assertions="1" time="0.000219" /><testcase name="int64_test #19" assertions="1" time="0.000209" /><testcase name="int64_test #20" assertions="1" time="0.000186" /><testcase name="int64_test #21" assertions="1" time="0.000168" /><testcase name="int64_test #22" assertions="1" time="0.000173" /><testcase name="string_test #1" assertions="2" time="2.2e-05" /><testcase name="string_test #2" assertions="2" time="1.9e-05" /><testcase name="string_test #3" assertions="2" time="1.8e-05" /><testcase name="string_test #4" assertions="2" time="3.5e-05" /><testcase name="string_test #5" assertions="2" time="2.1e-05" /><testcase name="string_test #6" assertions="2" time="1.8e-05" /><testcase name="string_test #7" assertions="2" time="2.8e-05" /><testcase name="string_test #8" assertions="2" time="1.8e-05" /><testcase name="string_test #9" assertions="2" time="1.9e-05" /><testcase name="string_test #10" assertions="2" time="1.9e-05" /><testcase name="string_test #11" assertions="2" time="3e-05" /><testcase name="string_test #12" assertions="2" time="1.9e-05" /><testcase name="string_test #13" assertions="2" time="1.9e-05" /><testcase name="string_test #14" assertions="2" time="1.7e-05" /><testcase name="string_test #15" assertions="2" time="2e-05" /><testcase name="string_test #16" assertions="2" time="1.8e-05" /><testcase name="string_test #17" assertions="2" time="2.5e-05" /><testcase name="string_test #18" assertions="2" time="2.1e-05" /><testcase name="string_test #19" assertions="1" time="2.2e-05" /><testcase name="string_test #20" assertions="1" time="0.000173" /><testcase name="real_test #1" assertions="2" time="2.7e-05" /><testcase name="real_test #2" assertions="2" time="2.1e-05" /><testcase name="real_test #3" assertions="2" time="1.9e-05" /><testcase name="real_test #4" assertions="2" time="2.9e-05" /><testcase name="real_test #5" assertions="2" time="1.8e-05" /><testcase name="real_test #6" assertions="2" time="1.7e-05" /><testcase name="real_test #7" assertions="2" time="2.2e-05" /><testcase name="real_test #8" assertions="2" time="2.2e-05" /><testcase name="real_test #9" assertions="2" time="2e-05" /><testcase name="real_test #10" assertions="2" time="2e-05" /><testcase name="real_test #11" assertions="2" time="1.8e-05" /><testcase name="real_test #12" assertions="2" time="1.8e-05" /><testcase name="real_test #13" assertions="2" time="1.9e-05" /><testcase name="real_test #14" assertions="2" time="3.7e-05" /><testcase name="real_test #15" assertions="2" time="2e-05" /><testcase name="real_test #16" assertions="1" time="0.000199" /><testcase name="real_test #17" assertions="1" time="0.000183" /><testcase name="real_test #18" assertions="1" time="0.000237" /><testcase name="real_test #19" assertions="1" time="0.000219" /><testcase name="real_test #20" assertions="1" time="0.000226" /><testcase name="real_test #21" assertions="1" time="0.000193" /><testcase name="real_test #22" assertions="1" time="0.000199" /><testcase name="real_test #23" assertions="1" time="0.000184" /><testcase name="ptr_test #1" assertions="2" time="2e-05" /><testcase name="ptr_test #2" assertions="2" time="1.7e-05" /><testcase name="ptr_test #3" assertions="2" time="1.9e-05" /><testcase name="ptr_test #4" assertions="2" time="1.6e-05" /><testcase name="ptr_test #5" assertions="2" time="2.1e-05" /><testcase name="ptr_test #6" assertions="2" time="1.8e-05" /><testcase name="ptr_test #7" assertions="2" time="1.7e-05" /><testcase name="ptr_test #8" assertions="2" time="1.6e-05" /><testcase name="ptr_test #9" assertions="2" time="1.8e-05" /><testcase name="ptr_test #10" assertions="2" time="2e-05" /><testcase name="ptr_test #11" assertions="2" time="1.7e-05" /><testcase name="ptr_test #12" assertions="2" time="1.8e-05" /><testcase name="ptr_test #13" assertions="2" time="2e-05" /><testcase name="ptr_test #14" assertions="2" time="2.2e-05" /><testcase name="ptr_test #15" assertions="2" time="2e-05" /><testcase name="ptr_test #16" assertions="2" time="2.4e-05" /><testcase name="ptr_test #17" assertions="2" time="2.3e-05" /><testcase name="ptr_test #18" assertions="2" time="2.2e-05" /><testcase name="ptr_test #19" assertions="1" time="0.000224" /><testcase name="ptr_test #20" assertions="1" time="0.000191" /><testcase name="is_array_test" assertions="16" time="6.2e-05" /><testcase name="is_bool_test" assertions="16" time="8.3e-05" /><testcase name="is_infinity_test" assertions="21" time="0.000106" /><testcase name="is_int32_test" assertions="16" time="4.9e-05" /><testcase name="is_int64_test" assertions="16" time="8.4e-05" /><testcase name="is_method_test" assertions="16" time="6.2e-05" /><testcase name="is_nan_test" assertions="23" time="8.6e-05" /><testcase name="is_numeric_test" assertions="18" time="0.000102" /><testcase name="is_ptr_test" assertions="18" time="9e-05" /><testcase name="is_real_test" assertions="18" time="9.2e-05" /><testcase name="is_string_test" assertions="18" time="9.6e-05" /><testcase name="is_struct_test" assertions="18" time="6.7e-05" /><testcase name="is_undefined_test" assertions="18" time="0.000105" /><testcase name="typeof_test" assertions="18" time="6.9e-05" /></testsuite><testsuite name="BasicDateTimeTestSuite:xUnit Tests" tests="72" failures="0" errors="0" skipped="0" assertions="75" time="0.001055" timestamp="2024-09-02T10:50:24"><testcase name="date_create_datetime_test #1" assertions="1" time="1.5e-05" /><testcase name="date_create_datetime_test #2" assertions="1" time="1.1e-05" /><testcase name="date_create_datetime_test #3" assertions="1" time="1.2e-05" /><testcase name="date_current_datetime_test #1" assertions="1" time="1.3e-05" /><testcase name="date_current_datetime_test #2" assertions="1" time="1.3e-05" /><testcase name="date_current_datetime_test #3" assertions="1" time="1.2e-05" /><testcase name="date_get_test #1" assertions="1" time="1.4e-05" /><testcase name="date_get_test #2" assertions="1" time="1.3e-05" /><testcase name="date_get_test #3" assertions="1" time="1.2e-05" /><testcase name="date_get_test #4" assertions="1" time="1.2e-05" /><testcase name="date_get_test #5" assertions="1" time="1.4e-05" /><testcase name="date_get_test #6" assertions="1" time="1.4e-05" /><testcase name="date_get_test #7" assertions="1" time="1.4e-05" /><testcase name="date_get_test #8" assertions="1" time="1.3e-05" /><testcase name="date_get_test #9" assertions="1" time="1.3e-05" /><testcase name="date_get_test #10" assertions="1" time="1.7e-05" /><testcase name="date_get_test #11" assertions="1" time="1.2e-05" /><testcase name="date_get_test #12" assertions="1" time="1.2e-05" /><testcase name="date_get_test #13" assertions="1" time="2.4e-05" /><testcase name="date_get_test #14" assertions="1" time="1.4e-05" /><testcase name="date_get_test #15" assertions="1" time="1.3e-05" /><testcase name="date_get_test #16" assertions="1" time="1.2e-05" /><testcase name="date_inc_test #1" assertions="1" time="1.3e-05" /><testcase name="date_inc_test #2" assertions="1" time="1.4e-05" /><testcase name="date_inc_test #3" assertions="1" time="1.4e-05" /><testcase name="date_inc_test #4" assertions="1" time="1.3e-05" /><testcase name="date_inc_test #5" assertions="1" time="1.4e-05" /><testcase name="date_inc_test #6" assertions="1" time="1.4e-05" /><testcase name="date_inc_test #7" assertions="2" time="1.6e-05" /><testcase name="date_inc_test #8" assertions="1" time="1.3e-05" /><testcase name="date_inc_test #9" assertions="1" time="1.4e-05" /><testcase name="date_inc_test #10" assertions="1" time="1.5e-05" /><testcase name="date_inc_test #11" assertions="1" time="1.3e-05" /><testcase name="date_inc_test #12" assertions="1" time="1.2e-05" /><testcase name="date_inc_test #13" assertions="2" time="1.7e-05" /><testcase name="date_inc_test #14" assertions="1" time="1.4e-05" /><testcase name="date_inc_test #15" assertions="1" time="1.3e-05" /><testcase name="date_inc_test #16" assertions="1" time="1.4e-05" /><testcase name="date_inc_test #17" assertions="2" time="1.7e-05" /><testcase name="date_inc_test #18" assertions="1" time="2.1e-05" /><testcase name="date_inc_test #19" assertions="1" time="1.3e-05" /><testcase name="date_inc_test #20" assertions="1" time="2.2e-05" /><testcase name="date_inc_test #21" assertions="1" time="2e-05" /><testcase name="date_inc_test #22" assertions="1" time="1.7e-05" /><testcase name="date_inc_test #23" assertions="1" time="1.5e-05" /><testcase name="date_inc_test #24" assertions="1" time="1.9e-05" /><testcase name="date_inc_test #25" assertions="1" time="1.5e-05" /><testcase name="date_inc_test #26" assertions="1" time="1.9e-05" /><testcase name="date_compare_test #1" assertions="1" time="1.7e-05" /><testcase name="date_compare_test #2" assertions="1" time="1.4e-05" /><testcase name="date_compare_test #3" assertions="1" time="1.6e-05" /><testcase name="date_span_test #1" assertions="1" time="2.1e-05" /><testcase name="date_span_test #2" assertions="1" time="2e-05" /><testcase name="date_span_test #3" assertions="1" time="1.4e-05" /><testcase name="date_span_test #4" assertions="1" time="1.3e-05" /><testcase name="date_span_test #5" assertions="1" time="1.3e-05" /><testcase name="date_span_test #6" assertions="1" time="1.4e-05" /><testcase name="date_span_test #7" assertions="1" time="1.2e-05" /><testcase name="date_timezone_test #1" assertions="1" time="1.1e-05" /><testcase name="date_timezone_test #2" assertions="1" time="1.2e-05" /><testcase name="date_date_of_test #1" assertions="1" time="1.2e-05" /><testcase name="date_date_of_test #2" assertions="1" time="1.9e-05" /><testcase name="date_date_of_test #3" assertions="1" time="1.3e-05" /><testcase name="date_date_of_test #4" assertions="1" time="2.4e-05" /><testcase name="date_date_of_test #5" assertions="1" time="1.3e-05" /><testcase name="date_date_of_test #6" assertions="1" time="1.4e-05" /><testcase name="date_time_of_test #1" assertions="1" time="1.3e-05" /><testcase name="date_time_of_test #2" assertions="1" time="1.4e-05" /><testcase name="date_time_of_test #3" assertions="1" time="1.3e-05" /><testcase name="date_time_of_test #4" assertions="1" time="1.2e-05" /><testcase name="date_time_of_test #5" assertions="1" time="1.8e-05" /><testcase name="date_time_of_test #6" assertions="1" time="1.3e-05" /></testsuite><testsuite name="BasicFileTestSuite:xUnit Tests" tests="62" failures="2" errors="0" skipped="4" assertions="73" time="0.084314" timestamp="2024-09-02T10:50:25"><testcase name="directory_test #1" assertions="1" time="0.000263" /><testcase name="directory_test #2" assertions="1" time="0.000164" /><testcase name="directory_test #3" assertions="1" time="0.000375" /><testcase name="directory_test #4" assertions="1" time="0.000391" /><testcase name="directory_test #5" assertions="1" time="0.023027" /><testcase name="directory_test #6" assertions="1" time="0.000322" /><testcase name="file_test #1" assertions="1" time="0.000839" /><testcase name="file_test #2" assertions="1" time="0.000679" /><testcase name="file_test #3" assertions="1" time="0.000999" /><testcase name="file_test #4" assertions="1" time="0.000952" /><testcase name="file_test #5" assertions="3" time="0.001717" /><testcase name="file_test #6" assertions="1" time="0.001196" /><testcase name="file_test #7" assertions="2" time="0.001614" /><testcase name="file_test #8" assertions="2" time="0.001916" /><testcase name="file_exists_not_sandboxed test #1" assertions="1" time="0.000137" /><testcase name="file_bin_test #1" assertions="1" time="0.000946" /><testcase name="file_bin_test #2" assertions="1" time="0.001288" /><testcase name="file_bin_test #3" assertions="1" time="0.001288" /><testcase name="file_bin_test #4" assertions="1" time="0.001325" /><testcase name="file_bin_test #5" assertions="1" time="0.00128" /><testcase name="file_bin_test #6" assertions="1" time="0.001566" /><testcase name="file_bin_test #7" assertions="1" time="0.001776" /><testcase name="file_text_test #1" assertions="1" time="0.001107" /><testcase name="file_text_test #2" assertions="5" time="0.0071" /><testcase name="file_text_test #3" assertions="3" time="0.008131" /><testcase name="file_text_test #4" assertions="1" time="0.003327" /><testcase name="file_text_open_from_string_test #1" assertions="1" time="1.3e-05" /><testcase name="file_text_open_from_string_test #2" assertions="1" time="1.4e-05" /><testcase name="file_text_open_from_string_test #3" assertions="1" time="1.7e-05" /><testcase name="file_text_open_from_string_test #4" assertions="1" time="2.9e-05" /><testcase name="file_text_open_from_string_test #5" assertions="1" time="1.9e-05" /><testcase name="file_text_open_from_string_test #6" assertions="1" time="2.5e-05" /><testcase name="file_text_open_from_string_test #7" assertions="1" time="1.5e-05" /><testcase name="file_text_open_from_string_test #8" assertions="1" time="1.7e-05" /><testcase name="filename_test_simulated test #1" assertions="1" time="1.3e-05" /><testcase name="filename_test_simulated test #2" assertions="1" time="1.2e-05" /><testcase name="filename_test_simulated test #2" assertions="1" time="1.3e-05" /><testcase name="filename_test_simulated test #3" assertions="1" time="3.1e-05" /><testcase name="filename_test_simulated test #4" assertions="1" time="1.2e-05" /><testcase name="filename_test_simulated test #5" assertions="1" time="1.4e-05" /><testcase name="filename_test_simulated #6" assertions="1" time="3.1e-05" /><testcase name="filename_test_simulated #7" assertions="1" time="1.3e-05" /><testcase name="filename_test_simulated #8" assertions="1" time="1.2e-05" /><testcase name="filename_test_simulated #9" assertions="1" time="1.3e-05" /><testcase name="filename_test_simulated #10" assertions="1" time="2.1e-05" /><testcase name="filename_test_windows #1" assertions="2" time="0.006411"><failure type="AssertionError">{
    "stack": "gml_Script_anon@31974@BasicFileTestSuite@BasicFileTestSuite:1011",
    "title": "Assert values to be equal",
    "expected": "\"E:\\\\GameMaker\\\\Temp\\\\GMS2TEMP\\\\xUnit_5E30F8FF_VM\\\\\"",
    "description": "filename_path didn't work correctly",
    "actual": "\"C:\\\\Users\\\\Development Studio\\\\AppData\\\\Local\\\\xUnit\\\\\""
}</failure></testcase><testcase name="filename_test_windows #2" assertions="2" time="0.005319"><failure type="AssertionError">{
    "stack": "gml_Script_anon@32869@BasicFileTestSuite@BasicFileTestSuite:1035",
    "title": "Assert values to be equal",
    "expected": "\"E:\\\\GameMaker\\\\Temp\\\\GMS2TEMP\\\\xUnit_5E30F8FF_VM\"",
    "description": "filename_dir didn't work correctly",
    "actual": "\"C:\\\\Users\\\\Development Studio\\\\AppData\\\\Local\\\\xUnit\""
}</failure></testcase><testcase name="filename_test_windows #3" assertions="2" time="0.002033" /><testcase name="filename_test_windows #4" assertions="2" time="0.001845" /><testcase name="filename_test_windows #5" assertions="2" time="0.001981" /><testcase name="filename_test_macos #1" assertions="0" time="0.0"><skipped /></testcase><testcase name="filename_test_macos #2" assertions="0" time="0.0"><skipped /></testcase><testcase name="filename_test_macos #3" assertions="0" time="0.0"><skipped /></testcase><testcase name="filename_test_macos #4" assertions="0" time="0.0"><skipped /></testcase><testcase name="load_csv_test #1" assertions="1" time="0.000351" /><testcase name="load_csv_test #2" assertions="1" time="0.00031" /><testcase name="load_csv_test #3" assertions="1" time="0.000308" /><testcase name="load_csv_test #4" assertions="1" time="0.000357" /><testcase name="load_csv_test #5" assertions="1" time="0.000331" /><testcase name="load_csv_test #6" assertions="1" time="0.000334" /><testcase name="load_csv_test #7" assertions="1" time="0.000308" /><testcase name="load_csv_test #8" assertions="1" time="0.000367" /></testsuite><testsuite name="BasicFiltersEffectsTestSuite:xUnit Tests" tests="24" failures="0" errors="0" skipped="0" assertions="33" time="0.000909" timestamp="2024-09-02T10:50:26"><testcase name="fx_create_test #1" assertions="2" time="8.1e-05" /><testcase name="fx_create_test #2" assertions="2" time="4.1e-05" /><testcase name="fx_create_test #3" assertions="2" time="3e-05" /><testcase name="fx_create_test #4" assertions="2" time="4e-05" /><testcase name="fx_create_test #5" assertions="2" time="2.7e-05" /><testcase name="fx_create_test #6" assertions="2" time="4.8e-05" /><testcase name="fx_create_test #7" assertions="2" time="4.3e-05" /><testcase name="fx_create_test #8" assertions="2" time="3.1e-05" /><testcase name="fx_get_set_test #1" assertions="2" time="3e-05" /><testcase name="fx_get_set_test #2" assertions="1" time="2.6e-05" /><testcase name="fx_get_set_test #3" assertions="1" time="6e-05" /><testcase name="fx_get_set_test #4" assertions="1" time="3.9e-05" /><testcase name="fx_get_set_test #5" assertions="1" time="2.3e-05" /><testcase name="fx_get_set_test #6" assertions="1" time="4.4e-05" /><testcase name="fx_get_set_test #7" assertions="1" time="3.6e-05" /><testcase name="fx_get_set_test #8" assertions="1" time="4.5e-05" /><testcase name="fx_get_set_test #9" assertions="1" time="2.6e-05" /><testcase name="fx_get_set_test #10" assertions="1" time="3.8e-05" /><testcase name="fx_get_set_test #11" assertions="1" time="3.2e-05" /><testcase name="fx_get_set_test #12" assertions="1" time="2.5e-05" /><testcase name="fx_get_set_test #13" assertions="1" time="5.1e-05" /><testcase name="fx_get_set_test #14" assertions="1" time="3e-05" /><testcase name="fx_get_set_test #15" assertions="1" time="2.5e-05" /><testcase name="fx_get_set_test #16" assertions="1" time="3.8e-05" /></testsuite><testsuite name="BasicHandlesTestSuite:xUnit Tests" tests="1" failures="0" errors="0" skipped="0" assertions="13" time="7.8e-05" timestamp="2024-09-02T10:50:26"><testcase name="asset_reference_handles_test" assertions="13" time="7.8e-05" /></testsuite><testsuite name="BasicIniTestSuite:xUnit Tests" tests="18" failures="0" errors="0" skipped="0" assertions="18" time="0.043359" timestamp="2024-09-02T10:50:26"><testcase name="ini_open" assertions="1" time="0.006655" /><testcase name="ini_section_exists #1" assertions="1" time="0.000842" /><testcase name="ini_section_exists #2" assertions="1" time="0.006789" /><testcase name="ini_section_exists #3" assertions="1" time="2e-05" /><testcase name="ini_section_exists #4" assertions="1" time="2.3e-05" /><testcase name="ini_section_delete" assertions="1" time="0.001328" /><testcase name="ini_key_exists #1" assertions="1" time="0.000903" /><testcase name="ini_key_exists #2" assertions="1" time="2.2e-05" /><testcase name="ini_key_delete" assertions="1" time="0.006914" /><testcase name="ini_read_real #1" assertions="1" time="0.002031" /><testcase name="ini_read_real #2" assertions="1" time="0.000919" /><testcase name="ini_read_real #3" assertions="1" time="2.7e-05" /><testcase name="ini_read_string #1" assertions="1" time="0.007314" /><testcase name="ini_read_string #2" assertions="1" time="0.006983" /><testcase name="ini_read_string #3" assertions="1" time="0.001089" /><testcase name="ini_read_string #4" assertions="1" time="2.2e-05" /><testcase name="ini_close #1" assertions="1" time="0.001446" /><testcase name="ini_close #2" assertions="1" time="3.2e-05" /></testsuite><testsuite name="BasicJsonTestSuite:xUnit Tests" tests="19" failures="4" errors="0" skipped="0" assertions="19" time="0.001116" timestamp="2024-09-02T10:50:27"><testcase name="json_decode_test #1" assertions="1" time="5.8e-05" /><testcase name="json_decode_test #2" assertions="1" time="2.3e-05" /><testcase name="json_decode_test #3" assertions="1" time="3.4e-05" /><testcase name="json_decode_test #4" assertions="1" time="5.4e-05" /><testcase name="json_decode_test #5" assertions="1" time="6e-05" /><testcase name="json_decode_test #6" assertions="1" time="4.8e-05" /><testcase name="json_decode_test #7" assertions="1" time="4.6e-05" /><testcase name="json_decode_test #8" assertions="1" time="3.5e-05" /><testcase name="json_decode_test #9" assertions="1" time="4.7e-05" /><testcase name="json_decode_test #10" assertions="1" time="4.7e-05" /><testcase name="json_decode_test #11" assertions="1" time="3.8e-05" /><testcase name="json_decode_test #12" assertions="1" time="4.4e-05" /><testcase name="json_encode_test #1" assertions="1" time="6.7e-05" /><testcase name="json_encode_test #2" assertions="1" time="0.000141"><failure type="AssertionError">{
    "stack": "gml_Script_anon@6419@BasicJsonTestSuite@BasicJsonTestSuite:248",
    "title": "Asserted two ds_maps to be equal to each other",
    "expected": "\"{\\\"version\\\":\\\"1\\\",\\\"myObj\\\":{\\\"header\\\":\\\"You are receiving a packet\\\",\\\"body\\\":\\\"A packet of cheese and onion crisps\\\",\\\"webSocket\\\":1.0,\\\"ipv4Address\\\":\\\"1.1.1.1\\\",\\\"ipv6Address\\\":\\\"0000:0000:0000:0000:0000:0000:0000:0000\\\"}}\"",
    "description": "json_encode ( ds_map:local ), complex json encoding with nested map failed (maps are not equal)",
    "actual": "\"{\\\"version\\\":\\\"1\\\",\\\"myObj\\\":{\\\"header\\\":\\\"You are receiving a packet\\\",\\\"body\\\":\\\"A packet of cheese and onion crisps\\\",\\\"webSocket\\\":1.0,\\\"ipv4Address\\\":\\\"1.1.1.1\\\",\\\"ipv6Address\\\":\\\"0000:0000:0000:0000:0000:0000:0000:0000\\\"}}\""
}</failure></testcase><testcase name="json_parse_test #1" assertions="1" time="2.9e-05" /><testcase name="json_parse_test #2" assertions="1" time="0.000108"><failure type="AssertionError">{
    "stack": "gml_Script_anon@8347@BasicJsonTestSuite@BasicJsonTestSuite:305",
    "title": "Asserted two structs to be equal",
    "expected": "{\"myObj\":{\"avocados\":0.0,\"apples\":10.0,\"oranges\":12.0,\"potatoes\":100000.0},\"myArray\":[0.0,1.0,2.0,2.0,4.0,0.0,1.0,5.0,1.0]}",
    "description": "json_parse( string:local ), failed to parse a complex struct",
    "actual": "{\"myObj\":{\"avocados\":0.0,\"apples\":10.0,\"oranges\":12.0,\"potatoes\":100000.0},\"myArray\":[0.0,1.0,2.0,2.0,4.0,0.0,1.0,5.0,1.0]}"
}</failure></testcase><testcase name="json_stringify_test #1" assertions="1" time="5.2e-05" /><testcase name="json_stringify_test #2" assertions="1" time="9.3e-05"><failure type="AssertionError">{
    "stack": "gml_Script_anon@9329@BasicJsonTestSuite@BasicJsonTestSuite:349",
    "title": "Asserted two structs to be equal",
    "expected": "{\"version\":1.0,\"myObj\":{\"webSocket\":1.0,\"ipv4Address\":\"1.1.1.1\",\"ipv6Address\":\"0000:0000:0000:0000:0000:0000:0000:0000\",\"header\":\"You are receiving a packet\",\"body\":\"A packet of cheese and onion crisps\"}}",
    "description": "json_stringify ( struct:local ), complex json with nested struct failed (structs are not equal)",
    "actual": "{\"version\":1.0,\"myObj\":{\"webSocket\":1.0,\"ipv4Address\":\"1.1.1.1\",\"ipv6Address\":\"0000:0000:0000:0000:0000:0000:0000:0000\",\"header\":\"You are receiving a packet\",\"body\":\"A packet of cheese and onion crisps\"}}"
}</failure></testcase><testcase name="json_stringify_test #3" assertions="1" time="9.2e-05"><failure type="AssertionError">{
    "stack": "gml_Script_anon@9981@BasicJsonTestSuite@BasicJsonTestSuite:367",
    "title": "Asserted two structs to be equal",
    "expected": "{\"version\":2.0,\"myArray\":[0.0,1.0,2.0,3.0,4.0,5.0,6.0,7.0,8.0,9.0]}",
    "description": "json_stringify ( struct:local ), complex json with nested array failed (structs are not equal)",
    "actual": "{\"version\":2.0,\"myArray\":[0.0,1.0,2.0,3.0,4.0,5.0,6.0,7.0,8.0,9.0]}"
}</failure></testcase></testsuite><testsuite name="BasicMathTestSuite:xUnit Tests" tests="53" failures="2" errors="0" skipped="0" assertions="13825" time="0.02531" timestamp="2024-09-02T10:50:27"><testcase name="abs_test" assertions="20" time="6.7e-05" /><testcase name="angle_difference_test" assertions="32" time="7.5e-05" /><testcase name="arccos_input_range_test" assertions="1" time="0.000486" /><testcase name="arccos_test" assertions="606" time="0.000898" /><testcase name="arcsin_input_range_test" assertions="1" time="0.000206" /><testcase name="arcsin_test" assertions="606" time="0.000926" /><testcase name="arctan2_test" assertions="13" time="3.5e-05" /><testcase name="arctan_test" assertions="606" time="0.001227" /><testcase name="ceil_test" assertions="8" time="2.5e-05" /><testcase name="clamp_test" assertions="62" time="0.000153" /><testcase name="cos_test" assertions="1890" time="0.00265" /><testcase name="darccos_input_range_test" assertions="1" time="0.000253" /><testcase name="darccos_test" assertions="606" time="0.0009" /><testcase name="darcsin_input_range_test" assertions="1" time="0.000266" /><testcase name="darcsin_test" assertions="606" time="0.000911" /><testcase name="darctan2_test" assertions="12" time="3.1e-05" /><testcase name="darctan_test" assertions="606" time="0.000895" /><testcase name="dcos_test" assertions="2163" time="0.003047" /><testcase name="degtorad_test" assertions="10" time="3.2e-05" /><testcase name="dot_product_3d_normalised_test" assertions="12" time="7.6e-05" /><testcase name="dot_product_3d_test" assertions="12" time="5.3e-05" /><testcase name="dot_product_normalised_test" assertions="12" time="4e-05" /><testcase name="dot_product_test" assertions="7" time="6.6e-05" /><testcase name="dsin_test" assertions="2163" time="0.003013" /><testcase name="dtan_test" assertions="7" time="3.6e-05" /><testcase name="exp_test" assertions="16" time="6.3e-05" /><testcase name="floor_test" assertions="8" time="2.5e-05" /><testcase name="frac_test" assertions="16" time="7.2e-05" /><testcase name="lengthdir_x_test" assertions="723" time="0.00209" /><testcase name="lengthdir_y_test" assertions="722" time="0.001928" /><testcase name="lerp_test" assertions="24" time="5.4e-05" /><testcase name="ln_test" assertions="17" time="6.9e-05" /><testcase name="log10_test" assertions="19" time="7.2e-05" /><testcase name="log2_test" assertions="19" time="6.7e-05" /><testcase name="logn_test" assertions="39" time="0.000113" /><testcase name="math_get_epsilon_test" assertions="9" time="3e-05" /><testcase name="math_set_epsilon_test" assertions="26" time="8.4e-05" /><testcase name="max_test" assertions="24" time="8.6e-05"><failure type="AssertionError">{
    "stack": "gml_Script_anon@87094@BasicMathTestSuite@BasicMathTestSuite:2606",
    "title": "Assert values to be equal",
    "expected": "\"@i64@1122334455667788$i64$\"",
    "description": "#13 max( int64 instance )",
    "actual": "1.2346056164365087e+18"
}</failure></testcase><testcase name="mean_test" assertions="23" time="8.7e-05" /><testcase name="median_test" assertions="28" time="9.3e-05" /><testcase name="min_test" assertions="24" time="0.000138"><failure type="AssertionError">{
    "stack": "gml_Script_anon@103508@BasicMathTestSuite@BasicMathTestSuite:3094",
    "title": "Assert values to be equal",
    "expected": "\"@i64@1122334455667788$i64$\"",
    "description": "#13 min( int64 instance )",
    "actual": "1.2346056164365087e+18"
}</failure><failure type="AssertionError">{
    "stack": "gml_Script_anon@103508@BasicMathTestSuite@BasicMathTestSuite:3128",
    "title": "Assert values to be equal",
    "expected": "\"@i64@1122334455667788$i64$\"",
    "description": "#20 min( int64 const , int64 const , int64 const , int64 const )",
    "actual": "-8.6133032459203287e+18"
}</failure></testcase><testcase name="point_direction_test" assertions="10" time="5.3e-05" /><testcase name="point_distance_3d_test" assertions="7" time="3.9e-05" /><testcase name="point_distance_test" assertions="7" time="4.7e-05" /><testcase name="power_test" assertions="32" time="7.9e-05" /><testcase name="radtodeg_test" assertions="10" time="4.1e-05" /><testcase name="round_test" assertions="22" time="0.000108" /><testcase name="sign_test" assertions="16" time="4.6e-05" /><testcase name="sin_test" assertions="1890" time="0.002957" /><testcase name="sqrt_negative_num_test" assertions="1" time="0.000368" /><testcase name="sqrt_test" assertions="7" time="4.6e-05" /><testcase name="sqr_test" assertions="16" time="6e-05" /><testcase name="tan_test" assertions="7" time="2.8e-05" /></testsuite><testsuite name="BasicMatrixTestSuite:xUnit Tests" tests="14" failures="0" errors="0" skipped="0" assertions="13" time="0.000379" timestamp="2024-09-02T10:50:28"><testcase name="matrix_build_identity_test" assertions="1" time="5.2e-05" /><testcase name="matrix_build_test" assertions="1" time="2.3e-05" /><testcase name="matrix_build_lookat_test" assertions="1" time="2.2e-05" /><testcase name="matrix_build_projection_ortho" assertions="1" time="3.4e-05" /><testcase name="matrix_build_projection_perspective" assertions="1" time="2.3e-05" /><testcase name="matrix_build_projection_perspective_fov" assertions="1" time="3.7e-05" /><testcase name="matrix_multiply_test" assertions="1" time="2.7e-05" /><testcase name="matrix_transform_vertex_test" assertions="1" time="2.3e-05" /><testcase name="matrix_get_set_test #1" assertions="1" time="3.8e-05" /><testcase name="matrix_get_set_test #2" assertions="1" time="2.3e-05" /><testcase name="matrix_get_set_test #3" assertions="1" time="3.3e-05" /><testcase name="matrix_stack_test" assertions="1" time="2.2e-05" /><testcase name="matrix_stack_pop_test" assertions="0" time="1.1e-05" /><testcase name="matrix_stack_clear_test" assertions="1" time="1.1e-05" /></testsuite><testsuite name="BasicNameofTestSuite:xUnit Tests" tests="4" failures="0" errors="0" skipped="0" assertions="9" time="6.7e-05" timestamp="2024-09-02T10:50:28"><testcase name="nameof_macro_test" assertions="3" time="1.7e-05" /><testcase name="nameof_enum_test" assertions="2" time="2.1e-05" /><testcase name="nameof_global_test" assertions="2" time="1.4e-05" /><testcase name="nameof_localvar_test" assertions="2" time="1.5e-05" /></testsuite><testsuite name="BasicNetworkTestSuite:xUnit Tests" tests="7" failures="1" errors="0" skipped="0" assertions="13" time="4.600451" timestamp="2024-09-02T10:50:28"><testcase name="network_resolveTest" assertions="2" time="0.045642" /><testcase name="network_connect_handshake_test" assertions="1" time="2.005062"><failure type="AssertionError">{
    "stack": "gml_Script_anon@934@___struct___125@BasicNetworkTestSuite@BasicNetworkTestSuite:39",
    "title": "Asserted value to be true",
    "expected": "null",
    "description": "#1 network_connect(), fail to require handshake",
    "actual": "0.0"
}</failure></testcase><testcase name="network_connect_fail" assertions="1" time="2.033396" /><testcase name="network_connect_raw_test" assertions="1" time="0.016572" /><testcase name="network_send_packet_test" assertions="3" time="0.033486" /><testcase name="network_send_packet_handshake_test" assertions="3" time="0.066789" /><testcase name="network_send_packet_handshake_limit_test" assertions="2" time="0.399504" /></testsuite><testsuite name="BasicRandomTestSuite:xUnit Tests" tests="143" failures="0" errors="0" skipped="0" assertions="80082" time="10.162832" timestamp="2024-09-02T10:50:33"><testcase name="choose_test #1" assertions="2" time="2.3e-05" /><testcase name="choose_test #2" assertions="2" time="3e-05" /><testcase name="choose_test #3" assertions="2" time="2.3e-05" /><testcase name="choose_test #4" assertions="2" time="1.8e-05" /><testcase name="choose_test #5" assertions="2" time="2.7e-05" /><testcase name="choose_test #6" assertions="2" time="1.8e-05" /><testcase name="choose_test #7" assertions="2" time="1.6e-05" /><testcase name="choose_test #8" assertions="2" time="1.7e-05" /><testcase name="choose_test #9" assertions="2" time="3.2e-05" /><testcase name="choose_test #10" assertions="2" time="1.8e-05" /><testcase name="choose_test #11" assertions="2" time="1.8e-05" /><testcase name="choose_test #12" assertions="2" time="2e-05" /><testcase name="choose_test #13" assertions="2" time="1.6e-05" /><testcase name="choose_test #14" assertions="2" time="2.8e-05" /><testcase name="choose_test #15" assertions="2" time="1.8e-05" /><testcase name="choose_test #16" assertions="1" time="1.1e-05" /><testcase name="choose_test #17" assertions="2" time="2.1e-05" /><testcase name="choose_test #18" assertions="2" time="2.1e-05" /><testcase name="choose_test #19" assertions="2" time="2e-05" /><testcase name="choose_test #20" assertions="2" time="2.1e-05" /><testcase name="choose_test #21" assertions="1" time="0.000178" /><testcase name="irandom_range_test #1" assertions="1000" time="0.001599" /><testcase name="irandom_range_test #2" assertions="1000" time="0.002299" /><testcase name="irandom_range_test #3" assertions="1000" time="0.001655" /><testcase name="irandom_range_test #4" assertions="1000" time="0.001607" /><testcase name="irandom_range_test #5" assertions="1000" time="0.002577" /><testcase name="irandom_range_test #6" assertions="1000" time="0.001614" /><testcase name="irandom_range_test #7" assertions="1000" time="0.003065" /><testcase name="irandom_range_test #8" assertions="1000" time="0.002108" /><testcase name="irandom_range_test #9" assertions="1000" time="0.004303" /><testcase name="irandom_range_test #10" assertions="1000" time="0.001717" /><testcase name="irandom_range_test #11" assertions="1000" time="0.002044" /><testcase name="irandom_range_test #12" assertions="1000" time="0.00449" /><testcase name="irandom_range_test #13" assertions="1" time="0.000287" /><testcase name="irandom_range_test #14" assertions="1" time="0.000627" /><testcase name="irandom_range_test #15" assertions="1" time="0.000194" /><testcase name="irandom_test #1" assertions="1" time="1.3e-05" /><testcase name="irandom_test #2" assertions="1" time="1.3e-05" /><testcase name="irandom_test #3" assertions="1" time="1.6e-05" /><testcase name="irandom_test #4" assertions="1" time="1.6e-05" /><testcase name="irandom_test #5" assertions="1" time="1.4e-05" /><testcase name="irandom_test #6" assertions="1" time="1.4e-05" /><testcase name="irandom_test #7" assertions="1" time="0.000272" /><testcase name="randomise_test #1" assertions="1" time="1.009842" /><testcase name="randomise_test #2" assertions="1" time="0.999718" /><testcase name="randomise_test #3" assertions="1" time="0.999761" /><testcase name="randomise_test #4" assertions="1" time="0.999772" /><testcase name="randomise_test #5" assertions="1" time="0.999781" /><testcase name="randomize_test #1" assertions="1" time="0.999738" /><testcase name="randomize_test #2" assertions="1" time="0.999746" /><testcase name="randomize_test #3" assertions="1" time="0.999768" /><testcase name="randomize_test #4" assertions="1" time="0.999785" /><testcase name="randomize_test #5" assertions="1" time="0.999786" /><testcase name="random_get_seed_test #1" assertions="1" time="1e-05" /><testcase name="random_get_seed_test #2" assertions="1" time="0.000332" /><testcase name="random_range_test #1" assertions="1000" time="0.001562" /><testcase name="random_range_test #2" assertions="1000" time="0.00158" /><testcase name="random_range_test #3" assertions="1000" time="0.001572" /><testcase name="random_range_test #4" assertions="1000" time="0.001579" /><testcase name="random_range_test #5" assertions="1000" time="0.001611" /><testcase name="random_range_test #6" assertions="1000" time="0.001531" /><testcase name="random_range_test #7" assertions="1000" time="0.001687" /><testcase name="random_range_test #8" assertions="1000" time="0.001669" /><testcase name="random_range_test #9" assertions="1000" time="0.001554" /><testcase name="random_range_test #10" assertions="1000" time="0.001538" /><testcase name="random_range_test #11" assertions="1000" time="0.001515" /><testcase name="random_range_test #12" assertions="1000" time="0.001879" /><testcase name="random_range_test #13" assertions="1000" time="0.001763" /><testcase name="random_range_test #14" assertions="1000" time="0.001617" /><testcase name="random_range_test #15" assertions="1000" time="0.002126" /><testcase name="random_range_test #16" assertions="1000" time="0.001578" /><testcase name="random_range_test #17" assertions="1000" time="0.00183" /><testcase name="random_range_test #18" assertions="1000" time="0.001952" /><testcase name="random_range_test #19" assertions="1000" time="0.001545" /><testcase name="random_range_test #20" assertions="1000" time="0.001693" /><testcase name="random_range_test #21" assertions="1000" time="0.001674" /><testcase name="random_range_test #22" assertions="1000" time="0.001541" /><testcase name="random_range_test #23" assertions="1000" time="0.002114" /><testcase name="random_range_test #24" assertions="1000" time="0.001691" /><testcase name="random_range_test #25" assertions="1000" time="0.001723" /><testcase name="random_range_test #26" assertions="1000" time="0.001621" /><testcase name="random_range_test #27" assertions="1000" time="0.001493" /><testcase name="random_range_test #28" assertions="1000" time="0.00191" /><testcase name="random_range_test #29" assertions="1000" time="0.001549" /><testcase name="random_range_test #30" assertions="1000" time="0.002101" /><testcase name="random_range_test #31" assertions="1000" time="0.001637" /><testcase name="random_range_test #32" assertions="1000" time="0.001946" /><testcase name="random_range_test #33" assertions="1000" time="0.00176" /><testcase name="random_range_test #34" assertions="1000" time="0.001776" /><testcase name="random_range_test #35" assertions="1000" time="0.001619" /><testcase name="random_range_test #36" assertions="1000" time="0.0017" /><testcase name="random_range_test #37" assertions="1000" time="0.001569" /><testcase name="random_range_test #38" assertions="1000" time="0.001747" /><testcase name="random_range_test #39" assertions="1" time="0.000237" /><testcase name="random_range_test #40" assertions="1" time="0.000236" /><testcase name="random_set_seed_test #1" assertions="1" time="0.000206" /><testcase name="random_set_seed_test #2" assertions="1" time="0.000173" /><testcase name="random_set_seed_test #3" assertions="1" time="0.000272" /><testcase name="random_set_seed_test #4" assertions="1" time="0.000195" /><testcase name="random_set_seed_test #5" assertions="1" time="0.00023" /><testcase name="random_set_seed_test #6" assertions="1" time="0.000192" /><testcase name="random_set_seed_test #7" assertions="1" time="0.000192" /><testcase name="random_set_seed_test #8" assertions="1" time="0.000227" /><testcase name="random_set_seed_test #9" assertions="1" time="0.000204" /><testcase name="random_set_seed_test #10" assertions="1" time="0.000184" /><testcase name="random_set_seed_test #11" assertions="1" time="0.000201" /><testcase name="random_set_seed_test #12" assertions="1" time="0.000157" /><testcase name="random_set_seed_test #13" assertions="1" time="0.000207" /><testcase name="random_set_seed_test #14" assertions="1" time="0.000208" /><testcase name="random_set_seed_test #15" assertions="1" time="0.000362" /><testcase name="random_set_seed_test #16" assertions="1" time="0.000236" /><testcase name="random_test #1" assertions="1000" time="0.001564" /><testcase name="random_test #2" assertions="1000" time="0.002152" /><testcase name="random_test #3" assertions="1000" time="0.002081" /><testcase name="random_test #4" assertions="1000" time="0.002168" /><testcase name="random_test #5" assertions="1000" time="0.001814" /><testcase name="random_test #6" assertions="1000" time="0.001991" /><testcase name="random_test #7" assertions="1000" time="0.001971" /><testcase name="random_test #8" assertions="1000" time="0.001863" /><testcase name="random_test #9" assertions="1000" time="0.002829" /><testcase name="random_test #10" assertions="1000" time="0.001711" /><testcase name="random_test #11" assertions="1000" time="0.001684" /><testcase name="random_test #12" assertions="1000" time="0.00166" /><testcase name="random_test #13" assertions="1000" time="0.001581" /><testcase name="random_test #14" assertions="1000" time="0.001662" /><testcase name="random_test #15" assertions="1000" time="0.002252" /><testcase name="random_test #16" assertions="1000" time="0.001618" /><testcase name="random_test #17" assertions="1000" time="0.001588" /><testcase name="random_test #18" assertions="1000" time="0.001639" /><testcase name="random_test #19" assertions="1000" time="0.001599" /><testcase name="random_test #20" assertions="1000" time="0.001668" /><testcase name="random_test #21" assertions="1000" time="0.001564" /><testcase name="random_test #22" assertions="1000" time="0.00153" /><testcase name="random_test #23" assertions="1000" time="0.001602" /><testcase name="random_test #24" assertions="1000" time="0.001887" /><testcase name="random_test #25" assertions="1000" time="0.002053" /><testcase name="random_test #26" assertions="1000" time="0.001879" /><testcase name="random_test #27" assertions="1000" time="0.001537" /><testcase name="random_test #28" assertions="1000" time="0.001955" /><testcase name="random_test #29" assertions="1000" time="0.001936" /><testcase name="random_test #30" assertions="1000" time="0.001676" /><testcase name="random_test #31" assertions="1" time="0.000231" /><testcase name="random_test #32" assertions="1" time="0.000239" /></testsuite><testsuite name="BasicRoomTestSuite:xUnit Tests" tests="1" failures="0" errors="0" skipped="0" assertions="1" time="0.016511" timestamp="2024-09-02T10:50:45"><testcase name="room_goto_test" assertions="1" time="0.016511" /></testsuite><testsuite name="BasicScriptTestSuite:xUnit Tests" tests="3" failures="0" errors="0" skipped="0" assertions="3" time="0.000108" timestamp="2024-09-02T10:50:45"><testcase name="script_execute_ext_test #1" assertions="1" time="7.1e-05" /><testcase name="script_execute_ext_test #2" assertions="1" time="1.5e-05" /><testcase name="script_execute_ext_test #3" assertions="1" time="2.2e-05" /></testsuite><testsuite name="BasicShaderTestSuite:xUnit Tests" tests="21" failures="3" errors="3" skipped="1" assertions="123" time="0.00938" timestamp="2024-09-02T10:50:45"><testcase name="primitive_drawing" assertions="1" time="0.005639" /><testcase name="shader_is_compiled" assertions="105" time="0.003483" /><testcase name="shader_get_name" assertions="1" time="1.2e-05" /><testcase name="shaders_are_supported" assertions="0" time="5e-06" /><testcase name="shader_current" assertions="1" time="1.2e-05" /><testcase name="passthrough_shader" assertions="1" time="1.4e-05" /><testcase name="shader_get/set_uniform_f" assertions="1" time="2e-05" /><testcase name="shader_set_uniform_f_array" assertions="1" time="1.7e-05" /><testcase name="shader_set_uniform_f_buffer" assertions="1" time="1.9e-05" /><testcase name="shader_set_uniform_i" assertions="1" time="1.3e-05" /><testcase name="shader_set_uniform_i_array" assertions="1" time="1.4e-05" /><testcase name="shader_get_sampler_index" assertions="1" time="1.3e-05" /><testcase name="shader_set_uniform_matrix" assertions="1" time="1.4e-05" /><testcase name="shader_set_uniform_matrix_array" assertions="1" time="2.5e-05" /><testcase name="shader_enable_corner_id" assertions="1" time="1.4e-05" /><testcase name="gl_frag_coord/sv_position" assertions="1" time="1.2e-05" /><testcase name="gl_max_draw_buffers" assertions="0" time="0.0"><skipped /></testcase><testcase name="gl_frag_data/sv_target" assertions="1" time="1.3e-05" /><testcase name="3d_rendering" assertions="1" time="1.4e-05"><error type="ExceptionThrownError">{
    "script": "gml_Script_anon@35758@___struct___174@BasicShaderTestSuite@BasicShaderTestSuite",
    "stacktrace": [
        "gml_Script_anon@35758@___struct___174@BasicShaderTestSuite@BasicShaderTestSuite (line 1002)",
        "gml_Script_test_run_event (line 86) - \t\t_func();\r",
        "gml_Script_test_end (line 118) - \ttest_run_event(\"ev_cleanup\");\r",
        "gml_Script_verify_shader_compiled (line 34) - \t\ttest_end();\r",
        "gml_Script_anon@34275@___struct___174@BasicShaderTestSuite@BasicShaderTestSuite (line 958) - \t\t\tverify_shader_compiled(test_shader);\r",
        "gml_Script_test_run_event (line 86) - \t\t_func();\r",
        "gml_Object_objTestAsync_Create_0 (line 6) - test_run_event(\"ev_create\");\r",
        "gml_Script_anon@683@TestAsync@TestAsync (line 36)",
        "gml_Script_doRun@anon@1304@Task@Task (line 56) - \t\t\tpreRunFunc();\r",
        "gml_Script_run@anon@1009@Task@Task (line 46) - \t\tdoRun();\r",
        "gml_Script_run@anon@2222@Test@Test (line 84) - \t\trun_Task(_callbackFunc);",
        "gml_Script_anon@838@anon@454@TestBatch@TestBatch (line 31) - \t\t\treturn call_later(getDelaySeconds(), time_source_units_seconds, function() { current().run(runFunc, resultBag); });"
    ],
    "line": 1002.0,
    "message": "Variable &lt;unknown_object&gt;.camera(101012, -2147483648) not set before reading it.",
    "longMessage": "ERROR in action number 1\nof Create Event for object objTestAsync:\nVariable &lt;unknown_object&gt;.camera(101012, -2147483648) not set before reading it.\n at gml_Script_anon@35758@___struct___174@BasicShaderTestSuite@BasicShaderTestSuite (line 1002) - \t\t\tcamera_destroy(camera);\r\n"
}</error></testcase><testcase name="normals_test" assertions="1" time="1.4e-05"><error type="ExceptionThrownError">{
    "script": "gml_Script_anon@38175@___struct___176@BasicShaderTestSuite@BasicShaderTestSuite",
    "stacktrace": [
        "gml_Script_anon@38175@___struct___176@BasicShaderTestSuite@BasicShaderTestSuite (line 1078)",
        "gml_Script_test_run_event (line 86) - \t\t_func();\r",
        "gml_Script_test_end (line 118) - \ttest_run_event(\"ev_cleanup\");\r",
        "gml_Script_verify_shader_compiled (line 34) - \t\ttest_end();\r",
        "gml_Script_anon@36022@___struct___176@BasicShaderTestSuite@BasicShaderTestSuite (line 1016) - \t\t\tverify_shader_compiled(test_shader);\r",
        "gml_Script_test_run_event (line 86) - \t\t_func();\r",
        "gml_Object_objTestAsync_Create_0 (line 6) - test_run_event(\"ev_create\");\r",
        "gml_Script_anon@683@TestAsync@TestAsync (line 36)",
        "gml_Script_doRun@anon@1304@Task@Task (line 56) - \t\t\tpreRunFunc();\r",
        "gml_Script_run@anon@1009@Task@Task (line 46) - \t\tdoRun();\r",
        "gml_Script_run@anon@2222@Test@Test (line 84) - \t\trun_Task(_callbackFunc);",
        "gml_Script_anon@838@anon@454@TestBatch@TestBatch (line 31) - \t\t\treturn call_later(getDelaySeconds(), time_source_units_seconds, function() { current().run(runFunc, resultBag); });"
    ],
    "line": 1078.0,
    "message": "Variable &lt;unknown_object&gt;.camera(101012, -2147483648) not set before reading it.",
    "longMessage": "ERROR in action number 1\nof Create Event for object objTestAsync:\nVariable &lt;unknown_object&gt;.camera(101012, -2147483648) not set before reading it.\n at gml_Script_anon@38175@___struct___176@BasicShaderTestSuite@BasicShaderTestSuite (line 1078) - \t\t\tcamera_destroy(camera);\r\n"
}</error></testcase><testcase name="gl_front_facing/sv_is_front_face" assertions="1" time="1.3e-05"><error type="ExceptionThrownError">{
    "script": "gml_Script_anon@40612@___struct___178@BasicShaderTestSuite@BasicShaderTestSuite",
    "stacktrace": [
        "gml_Script_anon@40612@___struct___178@BasicShaderTestSuite@BasicShaderTestSuite (line 1155)",
        "gml_Script_test_run_event (line 86) - \t\t_func();\r",
        "gml_Script_test_end (line 118) - \ttest_run_event(\"ev_cleanup\");\r",
        "gml_Script_verify_shader_compiled (line 34) - \t\ttest_end();\r",
        "gml_Script_anon@38458@___struct___178@BasicShaderTestSuite@BasicShaderTestSuite (line 1092) - \t\t\tverify_shader_compiled(test_shader);\r",
        "gml_Script_test_run_event (line 86) - \t\t_func();\r",
        "gml_Object_objTestAsync_Create_0 (line 6) - test_run_event(\"ev_create\");\r",
        "gml_Script_anon@683@TestAsync@TestAsync (line 36)",
        "gml_Script_doRun@anon@1304@Task@Task (line 56) - \t\t\tpreRunFunc();\r",
        "gml_Script_run@anon@1009@Task@Task (line 46) - \t\tdoRun();\r",
        "gml_Script_run@anon@2222@Test@Test (line 84) - \t\trun_Task(_callbackFunc);",
        "gml_Script_anon@838@anon@454@TestBatch@TestBatch (line 31) - \t\t\treturn call_later(getDelaySeconds(), time_source_units_seconds, function() { current().run(runFunc, resultBag); });"
    ],
    "line": 1155.0,
    "message": "Variable &lt;unknown_object&gt;.camera(101012, -2147483648) not set before reading it.",
    "longMessage": "ERROR in action number 1\nof Create Event for object objTestAsync:\nVariable &lt;unknown_object&gt;.camera(101012, -2147483648) not set before reading it.\n at gml_Script_anon@40612@___struct___178@BasicShaderTestSuite@BasicShaderTestSuite (line 1155) - \t\t\tcamera_destroy(camera);\r\n"
[...]
    "description": "#3 get/set sequence.tracks, failed to set/get tracks",
    "actual": "[{\"name\":\"sprSquare\",\"traits\":0,\"visible\":1.0,\"tracks\":[{\"traits\":0,\"tracks\":[],\"type\":3.0,\"name\":\"scale\",\"visible\":1.0,\"enabled\":1.0,\"interpolation\":1.0,\"keyframes\":[{\"length\":1.0,\"stretch\":0.0,\"disabled\":0.0,\"channels\":[{\"channel\":0.0,\"value\":1.0,\"curve\":-1.0},{\"channel\":1.0,\"value\":1.0,\"curve\":-1.0}],\"frame\":0.0}],\"subType\":15.0,\"linked\":0.0,\"linkedTrack\":-1.0},{\"traits\":0,\"tracks\":[],\"type\":3.0,\"name\":\"rotation\",\"visible\":1.0,\"enabled\":1.0,\"interpolation\":1.0,\"keyframes\":[{\"length\":1.0,\"stretch\":0.0,\"disabled\":0.0,\"channels\":[{\"channel\":0.0,\"value\":0.0,\"curve\":-1.0}],\"frame\":0.0}],\"subType\":8.0,\"linked\":0.0,\"linkedTrack\":-1.0},{\"traits\":0,\"tracks\":[],\"type\":3.0,\"name\":\"position\",\"visible\":1.0,\"enabled\":1.0,\"interpolation\":1.0,\"keyframes\":[{\"length\":1.0,\"stretch\":0.0,\"disabled\":0.0,\"channels\":[{\"channel\":0.0,\"value\":-321.7142333984375,\"curve\":-1.0},{\"channel\":1.0,\"value\":225.14285278320312,\"curve\":-1.0}],\"frame\":0.0},{\"length\":1.0,\"stretch\":0.0,\"disabled\":0.0,\"channels\":[{\"channel\":0.0,\"value\":368.2857666015625,\"curve\":-1.0},{\"channel\":1.0,\"value\":225.14285278320312,\"curve\":-1.0}],\"frame\":19.0},{\"length\":1.0,\"stretch\":0.0,\"disabled\":0.0,\"channels\":[{\"channel\":0.0,\"value\":-257.7142333984375,\"curve\":-1.0},{\"channel\":1.0,\"value\":-146.85714721679688,\"curve\":-1.0}],\"frame\":43.0}],\"subType\":14.0,\"linked\":0.0,\"linkedTrack\":-1.0},{\"traits\":0,\"tracks\":[],\"type\":3.0,\"name\":\"origin\",\"visible\":1.0,\"enabled\":1.0,\"interpolation\":1.0,\"keyframes\":[{\"length\":1.0,\"stretch\":0.0,\"disabled\":0.0,\"channels\":[{\"channel\":0.0,\"value\":0.0,\"curve\":-1.0},{\"channel\":1.0,\"value\":0.0,\"curve\":-1.0}],\"frame\":0.0}],\"subType\":16.0,\"linked\":0.0,\"linkedTrack\":-1.0}],\"enabled\":1.0,\"keyframes\":[{\"length\":50.0,\"stretch\":0.0,\"disabled\":0.0,\"channels\":[{\"spriteIndex\":3.0,\"channel\":0.0}],\"frame\":0.0}],\"type\":1.0,\"subType\":0.0,\"linked\":0.0,\"linkedTrack\":-1.0}]"
}</failure><failure type="AssertionError">{
    "stack": "gml_Script_anon@12140@ResourceSequenceTestSuite@ResourceSequenceTestSuite:403",
    "title": "Assert two arrays to be equal",
    "expected": "[{\"name\":\"sprCircle\",\"traits\":0,\"visible\":1.0,\"tracks\":[{\"traits\":0,\"tracks\":[],\"type\":3.0,\"name\":\"scale\",\"visible\":1.0,\"enabled\":1.0,\"interpolation\":1.0,\"keyframes\":[{\"length\":1.0,\"stretch\":0.0,\"disabled\":0.0,\"channels\":[{\"channel\":0.0,\"value\":1.0,\"curve\":-1.0},{\"channel\":1.0,\"value\":1.0,\"curve\":-1.0}],\"frame\":0.0}],\"subType\":15.0,\"linked\":0.0,\"linkedTrack\":-1.0},{\"traits\":0,\"tracks\":[],\"type\":3.0,\"name\":\"rotation\",\"visible\":1.0,\"enabled\":1.0,\"interpolation\":1.0,\"keyframes\":[{\"length\":1.0,\"stretch\":0.0,\"disabled\":0.0,\"channels\":[{\"channel\":0.0,\"value\":0.0,\"curve\":-1.0}],\"frame\":0.0}],\"subType\":8.0,\"linked\":0.0,\"linkedTrack\":-1.0},{\"traits\":0,\"tracks\":[],\"type\":3.0,\"name\":\"position\",\"visible\":1.0,\"enabled\":1.0,\"interpolation\":1.0,\"keyframes\":[{\"length\":1.0,\"stretch\":0.0,\"disabled\":0.0,\"channels\":[{\"channel\":0.0,\"value\":-225.495361328125,\"curve\":-1.0},{\"channel\":1.0,\"value\":217.71966552734375,\"curve\":-1.0}],\"frame\":0.0},{\"length\":1.0,\"stretch\":0.0,\"disabled\":0.0,\"channels\":[{\"channel\":0.0,\"value\":412.504638671875,\"curve\":-1.0},{\"channel\":1.0,\"value\":-129.28033447265625,\"curve\":-1.0}],\"frame\":20.0},{\"length\":1.0,\"stretch\":0.0,\"disabled\":0.0,\"channels\":[{\"channel\":0.0,\"value\":-351.495361328125,\"curve\":-1.0},{\"channel\":1.0,\"value\":-193.28033447265625,\"curve\":-1.0}],\"frame\":59.999900817871094}],\"subType\":14.0,\"linked\":0.0,\"linkedTrack\":-1.0},{\"traits\":0,\"tracks\":[],\"type\":3.0,\"name\":\"origin\",\"visible\":1.0,\"enabled\":1.0,\"interpolation\":1.0,\"keyframes\":[{\"length\":1.0,\"stretch\":0.0,\"disabled\":0.0,\"channels\":[{\"channel\":0.0,\"value\":0.0,\"curve\":-1.0},{\"channel\":1.0,\"value\":0.0,\"curve\":-1.0}],\"frame\":0.0}],\"subType\":16.0,\"linked\":0.0,\"linkedTrack\":-1.0}],\"enabled\":1.0,\"keyframes\":[{\"length\":60.0,\"stretch\":0.0,\"disabled\":0.0,\"channels\":[{\"spriteIndex\":2.0,\"channel\":0.0}],\"frame\":0.0}],\"type\":1.0,\"subType\":0.0,\"linked\":0.0,\"linkedTrack\":-1.0}]",
    "description": "#4 get/set sequence.tracks, failed to set/get tracks",
    "actual": "[{\"name\":\"sprCircle\",\"traits\":0,\"visible\":1.0,\"tracks\":[{\"traits\":0,\"tracks\":[],\"type\":3.0,\"name\":\"scale\",\"visible\":1.0,\"enabled\":1.0,\"interpolation\":1.0,\"keyframes\":[{\"length\":1.0,\"stretch\":0.0,\"disabled\":0.0,\"channels\":[{\"channel\":0.0,\"value\":1.0,\"curve\":-1.0},{\"channel\":1.0,\"value\":1.0,\"curve\":-1.0}],\"frame\":0.0}],\"subType\":15.0,\"linked\":0.0,\"linkedTrack\":-1.0},{\"traits\":0,\"tracks\":[],\"type\":3.0,\"name\":\"rotation\",\"visible\":1.0,\"enabled\":1.0,\"interpolation\":1.0,\"keyframes\":[{\"length\":1.0,\"stretch\":0.0,\"disabled\":0.0,\"channels\":[{\"channel\":0.0,\"value\":0.0,\"curve\":-1.0}],\"frame\":0.0}],\"subType\":8.0,\"linked\":0.0,\"linkedTrack\":-1.0},{\"traits\":0,\"tracks\":[],\"type\":3.0,\"name\":\"position\",\"visible\":1.0,\"enabled\":1.0,\"interpolation\":1.0,\"keyframes\":[{\"length\":1.0,\"stretch\":0.0,\"disabled\":0.0,\"channels\":[{\"channel\":0.0,\"value\":-225.495361328125,\"curve\":-1.0},{\"channel\":1.0,\"value\":217.71966552734375,\"curve\":-1.0}],\"frame\":0.0},{\"length\":1.0,\"stretch\":0.0,\"disabled\":0.0,\"channels\":[{\"channel\":0.0,\"value\":412.504638671875,\"curve\":-1.0},{\"channel\":1.0,\"value\":-129.28033447265625,\"curve\":-1.0}],\"frame\":20.0},{\"length\":1.0,\"stretch\":0.0,\"disabled\":0.0,\"channels\":[{\"channel\":0.0,\"value\":-351.495361328125,\"curve\":-1.0},{\"channel\":1.0,\"value\":-193.28033447265625,\"curve\":-1.0}],\"frame\":59.999900817871094}],\"subType\":14.0,\"linked\":0.0,\"linkedTrack\":-1.0},{\"traits\":0,\"tracks\":[],\"type\":3.0,\"name\":\"origin\",\"visible\":1.0,\"enabled\":1.0,\"interpolation\":1.0,\"keyframes\":[{\"length\":1.0,\"stretch\":0.0,\"disabled\":0.0,\"channels\":[{\"channel\":0.0,\"value\":0.0,\"curve\":-1.0},{\"channel\":1.0,\"value\":0.0,\"curve\":-1.0}],\"frame\":0.0}],\"subType\":16.0,\"linked\":0.0,\"linkedTrack\":-1.0}],\"enabled\":1.0,\"keyframes\":[{\"length\":60.0,\"stretch\":0.0,\"disabled\":0.0,\"channels\":[{\"spriteIndex\":2.0,\"channel\":0.0}],\"frame\":0.0}],\"type\":1.0,\"subType\":0.0,\"linked\":0.0,\"linkedTrack\":-1.0}]"
}</failure></testcase><testcase name="sequence.volume_test" assertions="12" time="8.2e-05" /><testcase name="sequence.xorigin_test" assertions="12" time="0.000106" /><testcase name="sequence.yorigin_test" assertions="12" time="9.8e-05" /><testcase name="sequenceInstance.activeTrack_test" assertions="2" time="2.2e-05" /><testcase name="sequenceInstance.activeTrack_async_test" assertions="2" time="0.000128" /><testcase name="sequenceInstance.finished_test" assertions="4" time="3.3e-05" /><testcase name="sequenceInstance.headDirection_test" assertions="13" time="0.0001" /><testcase name="sequenceInstance.headPosition_test" assertions="12" time="0.000112" /><testcase name="sequenceInstance.paused_test" assertions="4" time="4.3e-05" /><testcase name="sequenceInstance.sequence_test" assertions="3" time="3.5e-05" /><testcase name="sequenceInstance.speedScale_test" assertions="12" time="0.000125" /><testcase name="sequenceInstance.volume_test" assertions="12" time="7.8e-05" /><testcase name="track.enabled_test" assertions="14" time="0.000128" /><testcase name="track.interpolation_test" assertions="18" time="0.000219" /><testcase name="track.keyframes_test" assertions="5" time="0.000155"><failure type="AssertionError">{
    "stack": "gml_Script_anon@37014@ResourceSequenceTestSuite@ResourceSequenceTestSuite:1202",
    "title": "Assert two arrays to be equal",
    "expected": "[{\"length\":60.0,\"stretch\":0.0,\"disabled\":0.0,\"channels\":[{\"spriteIndex\":2.0,\"channel\":0.0}],\"frame\":0.0}]",
    "description": "#3 get/set tracks.keyframes, failed to set/get keyframes",
    "actual": "[{\"length\":60.0,\"stretch\":0.0,\"disabled\":0.0,\"channels\":[{\"spriteIndex\":2.0,\"channel\":0.0}],\"frame\":0.0}]"
}</failure><failure type="AssertionError">{
    "stack": "gml_Script_anon@37014@ResourceSequenceTestSuite@ResourceSequenceTestSuite:1207",
    "title": "Assert two arrays to be equal",
    "expected": "[{\"length\":50.0,\"stretch\":0.0,\"disabled\":0.0,\"channels\":[{\"spriteIndex\":3.0,\"channel\":0.0}],\"frame\":0.0}]",
    "description": "#4 get/set tracks.keyframes, failed to set/get keyframes",
    "actual": "[{\"length\":50.0,\"stretch\":0.0,\"disabled\":0.0,\"channels\":[{\"spriteIndex\":3.0,\"channel\":0.0}],\"frame\":0.0}]"
}</failure></testcase><testcase name="track.name_test" assertions="10" time="9e-05" /><testcase name="track.tracks_test" assertions="5" time="0.000446"><failure type="AssertionError">{
    "stack": "gml_Script_anon@40341@ResourceSequenceTestSuite@ResourceSequenceTestSuite:1298",
    "title": "Assert two arrays to be equal",
    "expected": "[{\"traits\":0,\"tracks\":[],\"type\":3.0,\"name\":\"scale\",\"visible\":1.0,\"enabled\":1.0,\"interpolation\":1.0,\"keyframes\":[{\"length\":1.0,\"stretch\":0.0,\"disabled\":0.0,\"channels\":[{\"channel\":0.0,\"value\":1.0,\"curve\":-1.0},{\"channel\":1.0,\"value\":1.0,\"curve\":-1.0}],\"frame\":0.0}],\"subType\":15.0,\"linked\":0.0,\"linkedTrack\":-1.0},{\"traits\":0,\"tracks\":[],\"type\":3.0,\"name\":\"rotation\",\"visible\":1.0,\"enabled\":1.0,\"interpolation\":1.0,\"keyframes\":[{\"length\":1.0,\"stretch\":0.0,\"disabled\":0.0,\"channels\":[{\"channel\":0.0,\"value\":0.0,\"curve\":-1.0}],\"frame\":0.0}],\"subType\":8.0,\"linked\":0.0,\"linkedTrack\":-1.0},{\"traits\":0,\"tracks\":[],\"type\":3.0,\"name\":\"position\",\"visible\":1.0,\"enabled\":1.0,\"interpolation\":1.0,\"keyframes\":[{\"length\":1.0,\"stretch\":0.0,\"disabled\":0.0,\"channels\":[{\"channel\":0.0,\"value\":-225.495361328125,\"curve\":-1.0},{\"channel\":1.0,\"value\":217.71966552734375,\"curve\":-1.0}],\"frame\":0.0},{\"length\":1.0,\"stretch\":0.0,\"disabled\":0.0,\"channels\":[{\"channel\":0.0,\"value\":412.504638671875,\"curve\":-1.0},{\"channel\":1.0,\"value\":-129.28033447265625,\"curve\":-1.0}],\"frame\":20.0},{\"length\":1.0,\"stretch\":0.0,\"disabled\":0.0,\"channels\":[{\"channel\":0.0,\"value\":-351.495361328125,\"curve\":-1.0},{\"channel\":1.0,\"value\":-193.28033447265625,\"curve\":-1.0}],\"frame\":59.999900817871094}],\"subType\":14.0,\"linked\":0.0,\"linkedTrack\":-1.0},{\"traits\":0,\"tracks\":[],\"type\":3.0,\"name\":\"origin\",\"visible\":1.0,\"enabled\":1.0,\"interpolation\":1.0,\"keyframes\":[{\"length\":1.0,\"stretch\":0.0,\"disabled\":0.0,\"channels\":[{\"channel\":0.0,\"value\":0.0,\"curve\":-1.0},{\"channel\":1.0,\"value\":0.0,\"curve\":-1.0}],\"frame\":0.0}],\"subType\":16.0,\"linked\":0.0,\"linkedTrack\":-1.0}]",
    "description": "#3 get/set tracks.tracks, failed to set/get tracks",
    "actual": "[{\"traits\":0,\"tracks\":[],\"type\":3.0,\"name\":\"scale\",\"visible\":1.0,\"enabled\":1.0,\"interpolation\":1.0,\"keyframes\":[{\"length\":1.0,\"stretch\":0.0,\"disabled\":0.0,\"channels\":[{\"channel\":0.0,\"value\":1.0,\"curve\":-1.0},{\"channel\":1.0,\"value\":1.0,\"curve\":-1.0}],\"frame\":0.0}],\"subType\":15.0,\"linked\":0.0,\"linkedTrack\":-1.0},{\"traits\":0,\"tracks\":[],\"type\":3.0,\"name\":\"rotation\",\"visible\":1.0,\"enabled\":1.0,\"interpolation\":1.0,\"keyframes\":[{\"length\":1.0,\"stretch\":0.0,\"disabled\":0.0,\"channels\":[{\"channel\":0.0,\"value\":0.0,\"curve\":-1.0}],\"frame\":0.0}],\"subType\":8.0,\"linked\":0.0,\"linkedTrack\":-1.0},{\"traits\":0,\"tracks\":[],\"type\":3.0,\"name\":\"position\",\"visible\":1.0,\"enabled\":1.0,\"interpolation\":1.0,\"keyframes\":[{\"length\":1.0,\"stretch\":0.0,\"disabled\":0.0,\"channels\":[{\"channel\":0.0,\"value\":-225.495361328125,\"curve\":-1.0},{\"channel\":1.0,\"value\":217.71966552734375,\"curve\":-1.0}],\"frame\":0.0},{\"length\":1.0,\"stretch\":0.0,\"disabled\":0.0,\"channels\":[{\"channel\":0.0,\"value\":412.504638671875,\"curve\":-1.0},{\"channel\":1.0,\"value\":-129.28033447265625,\"curve\":-1.0}],\"frame\":20.0},{\"length\":1.0,\"stretch\":0.0,\"disabled\":0.0,\"channels\":[{\"channel\":0.0,\"value\":-351.495361328125,\"curve\":-1.0},{\"channel\":1.0,\"value\":-193.28033447265625,\"curve\":-1.0}],\"frame\":59.999900817871094}],\"subType\":14.0,\"linked\":0.0,\"linkedTrack\":-1.0},{\"traits\":0,\"tracks\":[],\"type\":3.0,\"name\":\"origin\",\"visible\":1.0,\"enabled\":1.0,\"interpolation\":1.0,\"keyframes\":[{\"length\":1.0,\"stretch\":0.0,\"disabled\":0.0,\"channels\":[{\"channel\":0.0,\"value\":0.0,\"curve\":-1.0},{\"channel\":1.0,\"value\":0.0,\"curve\":-1.0}],\"frame\":0.0}],\"subType\":16.0,\"linked\":0.0,\"linkedTrack\":-1.0}]"
}</failure><failure type="AssertionError">{
    "stack": "gml_Script_anon@40341@ResourceSequenceTestSuite@ResourceSequenceTestSuite:1303",
    "title": "Assert two arrays to be equal",
    "expected": "[{\"traits\":0,\"tracks\":[],\"type\":3.0,\"name\":\"scale\",\"visible\":1.0,\"enabled\":1.0,\"interpolation\":0.0,\"keyframes\":[{\"length\":1.0,\"stretch\":0.0,\"disabled\":0.0,\"channels\":[{\"channel\":0.0,\"value\":1.0,\"curve\":-1.0},{\"channel\":1.0,\"value\":1.0,\"curve\":-1.0}],\"frame\":0.0}],\"subType\":15.0,\"linked\":0.0,\"linkedTrack\":-1.0},{\"traits\":0,\"tracks\":[],\"type\":3.0,\"name\":\"rotation\",\"visible\":1.0,\"enabled\":1.0,\"interpolation\":1.0,\"keyframes\":[{\"length\":1.0,\"stretch\":0.0,\"disabled\":0.0,\"channels\":[{\"channel\":0.0,\"value\":0.0,\"curve\":-1.0}],\"frame\":0.0}],\"subType\":8.0,\"linked\":0.0,\"linkedTrack\":-1.0},{\"traits\":0,\"tracks\":[],\"type\":3.0,\"name\":\"position\",\"visible\":1.0,\"enabled\":1.0,\"interpolation\":1.0,\"keyframes\":[{\"length\":1.0,\"stretch\":0.0,\"disabled\":0.0,\"channels\":[{\"channel\":0.0,\"value\":-321.7142333984375,\"curve\":-1.0},{\"channel\":1.0,\"value\":225.14285278320312,\"curve\":-1.0}],\"frame\":0.0},{\"length\":1.0,\"stretch\":0.0,\"disabled\":0.0,\"channels\":[{\"channel\":0.0,\"value\":368.2857666015625,\"curve\":-1.0},{\"channel\":1.0,\"value\":225.14285278320312,\"curve\":-1.0}],\"frame\":19.0},{\"length\":1.0,\"stretch\":0.0,\"disabled\":0.0,\"channels\":[{\"channel\":0.0,\"value\":-257.7142333984375,\"curve\":-1.0},{\"channel\":1.0,\"value\":-146.85714721679688,\"curve\":-1.0}],\"frame\":43.0}],\"subType\":14.0,\"linked\":0.0,\"linkedTrack\":-1.0},{\"traits\":0,\"tracks\":[],\"type\":3.0,\"name\":\"origin\",\"visible\":1.0,\"enabled\":1.0,\"interpolation\":1.0,\"keyframes\":[{\"length\":1.0,\"stretch\":0.0,\"disabled\":0.0,\"channels\":[{\"channel\":0.0,\"value\":0.0,\"curve\":-1.0},{\"channel\":1.0,\"value\":0.0,\"curve\":-1.0}],\"frame\":0.0}],\"subType\":16.0,\"linked\":0.0,\"linkedTrack\":-1.0}]",
    "description": "#4 get/set tracks.tracks, failed to set/get tracks",
    "actual": "[{\"traits\":0,\"tracks\":[],\"type\":3.0,\"name\":\"scale\",\"visible\":1.0,\"enabled\":1.0,\"interpolation\":0.0,\"keyframes\":[{\"length\":1.0,\"stretch\":0.0,\"disabled\":0.0,\"channels\":[{\"channel\":0.0,\"value\":1.0,\"curve\":-1.0},{\"channel\":1.0,\"value\":1.0,\"curve\":-1.0}],\"frame\":0.0}],\"subType\":15.0,\"linked\":0.0,\"linkedTrack\":-1.0},{\"traits\":0,\"tracks\":[],\"type\":3.0,\"name\":\"rotation\",\"visible\":1.0,\"enabled\":1.0,\"interpolation\":1.0,\"keyframes\":[{\"length\":1.0,\"stretch\":0.0,\"disabled\":0.0,\"channels\":[{\"channel\":0.0,\"value\":0.0,\"curve\":-1.0}],\"frame\":0.0}],\"subType\":8.0,\"linked\":0.0,\"linkedTrack\":-1.0},{\"traits\":0,\"tracks\":[],\"type\":3.0,\"name\":\"position\",\"visible\":1.0,\"enabled\":1.0,\"interpolation\":1.0,\"keyframes\":[{\"length\":1.0,\"stretch\":0.0,\"disabled\":0.0,\"channels\":[{\"channel\":0.0,\"value\":-321.7142333984375,\"curve\":-1.0},{\"channel\":1.0,\"value\":225.14285278320312,\"curve\":-1.0}],\"frame\":0.0},{\"length\":1.0,\"stretch\":0.0,\"disabled\":0.0,\"channels\":[{\"channel\":0.0,\"value\":368.2857666015625,\"curve\":-1.0},{\"channel\":1.0,\"value\":225.14285278320312,\"curve\":-1.0}],\"frame\":19.0},{\"length\":1.0,\"stretch\":0.0,\"disabled\":0.0,\"channels\":[{\"channel\":0.0,\"value\":-257.7142333984375,\"curve\":-1.0},{\"channel\":1.0,\"value\":-146.85714721679688,\"curve\":-1.0}],\"frame\":43.0}],\"subType\":14.0,\"linked\":0.0,\"linkedTrack\":-1.0},{\"traits\":0,\"tracks\":[],\"type\":3.0,\"name\":\"origin\",\"visible\":1.0,\"enabled\":1.0,\"interpolation\":1.0,\"keyframes\":[{\"length\":1.0,\"stretch\":0.0,\"disabled\":0.0,\"channels\":[{\"channel\":0.0,\"value\":0.0,\"curve\":-1.0},{\"channel\":1.0,\"value\":0.0,\"curve\":-1.0}],\"frame\":0.0}],\"subType\":16.0,\"linked\":0.0,\"linkedTrack\":-1.0}]"
}</failure></testcase><testcase name="track.traits_test" assertions="12" time="7.6e-05" /><testcase name="track.type_test" assertions="3" time="3.2e-05" /><testcase name="track.visible_test" assertions="14" time="0.000126" /></testsuite><testsuite name="ResourceTimeSourceTestSuite:xUnit Tests" tests="9" failures="0" errors="0" skipped="0" assertions="16331" time="0.706135" timestamp="2024-09-02T10:51:08"><testcase name="Time Sources: Constant Values" assertions="10" time="3e-05" /><testcase name="Time Sources: Existence" assertions="11" time="6.4e-05" /><testcase name="Time Sources: State Transitions" assertions="11000" time="0.026564" /><testcase name="Time Sources: Parents and Children" assertions="303" time="0.001306" /><testcase name="Time Sources: Reconfiguration" assertions="5000" time="0.01068" /><testcase name="Time Sources: Expiry Frames" assertions="1" time="0.00011" /><testcase name="Time Sources: Self Destruction" assertions="4" time="0.284024" /><testcase name="Time Sources: Sibling Destruction" assertions="1" time="0.250053" /><testcase name="Time Sources: Time delta propagation" assertions="1" time="0.133304" /></testsuite></testsuites>